# Logfile created on 2014-12-04 21:20:34 +0800 by logger.rb/44203
D, [2014-12-04T21:20:34.896739 #55331] DEBUG -- : DRAGONFLY: shell command: 'identify' '-ping' '-format' '%m %w %h' '/var/folders/_q/wg5hcxsn585fjv14240m60p40000gn/T/RackMultipart20141204-55331-1sxzvqt'
D, [2014-12-04T21:20:39.261470 #55331] DEBUG -- : DRAGONFLY: shell command: 'convert' '/Volumes/WORK/RubyProject/CMS/FeralCMS/public/system/refinery/images/2014/12/04/98iiwe3nct_Index1.png' '-resize' '106x106^^' '-gravity' 'Center' '-crop' '106x106+0+0' '+repage' '/var/folders/_q/wg5hcxsn585fjv14240m60p40000gn/T/dragonfly20141204-55331-1gpiydh.png'
I, [2014-12-04T21:20:39.465554 #55331]  INFO -- : DRAGONFLY: GET /system/images/W1siZiIsIjIwMTQvMTIvMDQvOThpaXdlM25jdF9JbmRleDEucG5nIl0sWyJwIiwidGh1bWIiLCIxMDZ4MTA2I2MiXV0/Index1.png?sha=6771030c9b4aebc0 200
I, [2014-12-04T21:20:47.731283 #55331]  INFO -- : DRAGONFLY: GET /system/images/W1siZiIsIjIwMTQvMTIvMDQvOThpaXdlM25jdF9JbmRleDEucG5nIl1d/Index1.png?sha=f88fbb76300f8a32 200
D, [2014-12-04T23:25:52.071406 #55331] DEBUG -- : DRAGONFLY: shell command: 'convert' '/Volumes/WORK/RubyProject/CMS/FeralCMS/public/system/refinery/images/2014/12/04/98iiwe3nct_Index1.png' '-resize' '135x135^^' '-gravity' 'Center' '-crop' '135x135+0+0' '+repage' '/var/folders/_q/wg5hcxsn585fjv14240m60p40000gn/T/dragonfly20141204-55331-1u399hq.png'
I, [2014-12-04T23:25:53.357521 #55331]  INFO -- : DRAGONFLY: GET /system/images/W1siZiIsIjIwMTQvMTIvMDQvOThpaXdlM25jdF9JbmRleDEucG5nIl0sWyJwIiwidGh1bWIiLCIxMzV4MTM1I2MiXV0/Index1.png?sha=e5e81b4ace53c17a 200
I, [2014-12-04T23:51:54.279166 #55331]  INFO -- : DRAGONFLY: GET /system/images/W1siZiIsIjIwMTQvMTIvMDQvOThpaXdlM25jdF9JbmRleDEucG5nIl1d/Index1.png?sha=f88fbb76300f8a32 304
I, [2014-12-05T00:59:56.546010 #55331]  INFO -- : DRAGONFLY: GET /system/images/W1siZiIsIjIwMTQvMTIvMDQvOThpaXdlM25jdF9JbmRleDEucG5nIl1d/Index1.png?sha=f88fbb76300f8a32 304
I, [2014-12-05T02:09:09.917794 #55331]  INFO -- : DRAGONFLY: GET /system/images/W1siZiIsIjIwMTQvMTIvMDQvOThpaXdlM25jdF9JbmRleDEucG5nIl1d/Index1.png?sha=f88fbb76300f8a32 304
I, [2014-12-05T02:10:13.353956 #55331]  INFO -- : DRAGONFLY: GET /system/images/W1siZiIsIjIwMTQvMTIvMDQvOThpaXdlM25jdF9JbmRleDEucG5nIl1d/Index1.png?sha=f88fbb76300f8a32 304
I, [2014-12-05T02:10:38.248171 #55331]  INFO -- : DRAGONFLY: GET /system/images/W1siZiIsIjIwMTQvMTIvMDQvOThpaXdlM25jdF9JbmRleDEucG5nIl1d/Index1.png?sha=f88fbb76300f8a32 304
I, [2014-12-05T02:10:49.512496 #55331]  INFO -- : DRAGONFLY: GET /system/images/W1siZiIsIjIwMTQvMTIvMDQvOThpaXdlM25jdF9JbmRleDEucG5nIl1d/Index1.png?sha=f88fbb76300f8a32 304
I, [2014-12-05T02:11:07.963944 #55331]  INFO -- : DRAGONFLY: GET /system/images/W1siZiIsIjIwMTQvMTIvMDQvOThpaXdlM25jdF9JbmRleDEucG5nIl1d/Index1.png?sha=f88fbb76300f8a32 304
I, [2014-12-05T02:18:21.670866 #55331]  INFO -- : DRAGONFLY: GET /system/images/W1siZiIsIjIwMTQvMTIvMDQvOThpaXdlM25jdF9JbmRleDEucG5nIl1d/Index1.png?sha=f88fbb76300f8a32 304
I, [2014-12-05T02:19:08.110115 #55331]  INFO -- : DRAGONFLY: GET /system/images/W1siZiIsIjIwMTQvMTIvMDQvOThpaXdlM25jdF9JbmRleDEucG5nIl1d/Index1.png?sha=f88fbb76300f8a32 304
I, [2014-12-05T02:19:42.295533 #55331]  INFO -- : DRAGONFLY: GET /system/images/W1siZiIsIjIwMTQvMTIvMDQvOThpaXdlM25jdF9JbmRleDEucG5nIl1d/Index1.png?sha=f88fbb76300f8a32 304
I, [2014-12-05T02:21:45.258972 #55331]  INFO -- : DRAGONFLY: GET /system/images/W1siZiIsIjIwMTQvMTIvMDQvOThpaXdlM25jdF9JbmRleDEucG5nIl1d/Index1.png?sha=f88fbb76300f8a32 304
I, [2014-12-05T02:28:37.246610 #55331]  INFO -- : DRAGONFLY: GET /system/images/W1siZiIsIjIwMTQvMTIvMDQvOThpaXdlM25jdF9JbmRleDEucG5nIl1d/Index1.png?sha=f88fbb76300f8a32 304
I, [2014-12-05T02:57:44.048600 #55331]  INFO -- : DRAGONFLY: GET /system/images/W1siZiIsIjIwMTQvMTIvMDQvOThpaXdlM25jdF9JbmRleDEucG5nIl1d/Index1.png?sha=f88fbb76300f8a32 304
I, [2014-12-05T09:13:23.062191 #55331]  INFO -- : DRAGONFLY: GET /system/images/W1siZiIsIjIwMTQvMTIvMDQvOThpaXdlM25jdF9JbmRleDEucG5nIl1d/Index1.png?sha=f88fbb76300f8a32 304
I, [2014-12-05T09:16:45.644056 #55331]  INFO -- : DRAGONFLY: GET /system/images/W1siZiIsIjIwMTQvMTIvMDQvOThpaXdlM25jdF9JbmRleDEucG5nIl1d/Index1.png?sha=f88fbb76300f8a32 304
I, [2014-12-05T09:24:51.554088 #55331]  INFO -- : DRAGONFLY: GET /system/images/W1siZiIsIjIwMTQvMTIvMDQvOThpaXdlM25jdF9JbmRleDEucG5nIl1d/Index1.png?sha=f88fbb76300f8a32 304
I, [2014-12-05T09:27:41.886839 #55331]  INFO -- : DRAGONFLY: GET /system/images/W1siZiIsIjIwMTQvMTIvMDQvOThpaXdlM25jdF9JbmRleDEucG5nIl1d/Index1.png?sha=f88fbb76300f8a32 304
I, [2014-12-05T09:38:56.745940 #55331]  INFO -- : DRAGONFLY: GET /system/images/W1siZiIsIjIwMTQvMTIvMDQvOThpaXdlM25jdF9JbmRleDEucG5nIl1d/Index1.png?sha=f88fbb76300f8a32 304
I, [2014-12-05T10:38:50.115477 #55331]  INFO -- : DRAGONFLY: GET /system/images/W1siZiIsIjIwMTQvMTIvMDQvOThpaXdlM25jdF9JbmRleDEucG5nIl1d/Index1.png?sha=f88fbb76300f8a32 304
I, [2014-12-05T10:55:28.737761 #55331]  INFO -- : DRAGONFLY: GET /system/images/W1siZiIsIjIwMTQvMTIvMDQvOThpaXdlM25jdF9JbmRleDEucG5nIl1d/Index1.png?sha=f88fbb76300f8a32 304
I, [2014-12-05T10:56:36.848500 #55331]  INFO -- : DRAGONFLY: GET /system/images/W1siZiIsIjIwMTQvMTIvMDQvOThpaXdlM25jdF9JbmRleDEucG5nIl1d/Index1.png?sha=f88fbb76300f8a32 304
I, [2014-12-05T11:02:49.613211 #55331]  INFO -- : DRAGONFLY: GET /system/images/W1siZiIsIjIwMTQvMTIvMDQvOThpaXdlM25jdF9JbmRleDEucG5nIl1d/Index1.png?sha=f88fbb76300f8a32 304
I, [2014-12-05T11:03:25.474832 #55331]  INFO -- : DRAGONFLY: GET /system/images/W1siZiIsIjIwMTQvMTIvMDQvOThpaXdlM25jdF9JbmRleDEucG5nIl1d/Index1.png?sha=f88fbb76300f8a32 304
I, [2014-12-05T11:03:44.524065 #55331]  INFO -- : DRAGONFLY: GET /system/images/W1siZiIsIjIwMTQvMTIvMDQvOThpaXdlM25jdF9JbmRleDEucG5nIl1d/Index1.png?sha=f88fbb76300f8a32 304
I, [2014-12-05T11:05:57.731112 #55331]  INFO -- : DRAGONFLY: GET /system/images/W1siZiIsIjIwMTQvMTIvMDQvOThpaXdlM25jdF9JbmRleDEucG5nIl1d/Index1.png?sha=f88fbb76300f8a32 304
I, [2014-12-05T11:11:23.566210 #55331]  INFO -- : DRAGONFLY: GET /system/images/W1siZiIsIjIwMTQvMTIvMDQvOThpaXdlM25jdF9JbmRleDEucG5nIl1d/Index1.png?sha=f88fbb76300f8a32 304
I, [2014-12-05T11:12:17.878193 #55331]  INFO -- : DRAGONFLY: GET /system/images/W1siZiIsIjIwMTQvMTIvMDQvOThpaXdlM25jdF9JbmRleDEucG5nIl1d/Index1.png?sha=f88fbb76300f8a32 304
I, [2014-12-05T11:17:01.345216 #55331]  INFO -- : DRAGONFLY: GET /system/images/W1siZiIsIjIwMTQvMTIvMDQvOThpaXdlM25jdF9JbmRleDEucG5nIl1d/Index1.png?sha=f88fbb76300f8a32 304
I, [2014-12-05T11:20:04.076047 #55331]  INFO -- : DRAGONFLY: GET /system/images/W1siZiIsIjIwMTQvMTIvMDQvOThpaXdlM25jdF9JbmRleDEucG5nIl1d/Index1.png?sha=f88fbb76300f8a32 304
I, [2014-12-05T11:21:39.124611 #55331]  INFO -- : DRAGONFLY: GET /system/images/W1siZiIsIjIwMTQvMTIvMDQvOThpaXdlM25jdF9JbmRleDEucG5nIl1d/Index1.png?sha=f88fbb76300f8a32 304
I, [2014-12-05T11:23:37.108042 #55331]  INFO -- : DRAGONFLY: GET /system/images/W1siZiIsIjIwMTQvMTIvMDQvOThpaXdlM25jdF9JbmRleDEucG5nIl1d/Index1.png?sha=f88fbb76300f8a32 304
I, [2014-12-05T11:24:27.222114 #55331]  INFO -- : DRAGONFLY: GET /system/images/W1siZiIsIjIwMTQvMTIvMDQvOThpaXdlM25jdF9JbmRleDEucG5nIl1d/Index1.png?sha=f88fbb76300f8a32 304
I, [2014-12-05T11:25:47.975360 #55331]  INFO -- : DRAGONFLY: GET /system/images/W1siZiIsIjIwMTQvMTIvMDQvOThpaXdlM25jdF9JbmRleDEucG5nIl1d/Index1.png?sha=f88fbb76300f8a32 304
I, [2014-12-05T14:06:20.919963 #963]  INFO -- : DRAGONFLY: GET /system/images/W1siZiIsIjIwMTQvMTIvMDQvOThpaXdlM25jdF9JbmRleDEucG5nIl1d/Index1.png?sha=f88fbb76300f8a32 304
I, [2014-12-05T17:43:50.749773 #963]  INFO -- : DRAGONFLY: GET /system/images/W1siZiIsIjIwMTQvMTIvMDQvOThpaXdlM25jdF9JbmRleDEucG5nIl1d/Index1.png?sha=f88fbb76300f8a32 304
I, [2014-12-05T17:44:42.177582 #963]  INFO -- : DRAGONFLY: GET /system/images/W1siZiIsIjIwMTQvMTIvMDQvOThpaXdlM25jdF9JbmRleDEucG5nIl1d/Index1.png?sha=f88fbb76300f8a32 304
I, [2014-12-05T17:45:14.906127 #963]  INFO -- : DRAGONFLY: GET /system/images/W1siZiIsIjIwMTQvMTIvMDQvOThpaXdlM25jdF9JbmRleDEucG5nIl1d/Index1.png?sha=f88fbb76300f8a32 304
I, [2014-12-05T17:47:50.829513 #963]  INFO -- : DRAGONFLY: GET /system/images/W1siZiIsIjIwMTQvMTIvMDQvOThpaXdlM25jdF9JbmRleDEucG5nIl1d/Index1.png?sha=f88fbb76300f8a32 304
D, [2014-12-05T21:13:39.741032 #963] DEBUG -- : DRAGONFLY: shell command: 'convert' '/Volumes/WORK/RubyProject/CMS/FeralCMS/public/system/refinery/images/2014/12/04/98iiwe3nct_Index1.png' '-resize' '225x255>' '/var/folders/_q/wg5hcxsn585fjv14240m60p40000gn/T/dragonfly20141205-963-1o17ez4.png'
I, [2014-12-05T21:13:41.553029 #963]  INFO -- : DRAGONFLY: GET /system/images/W1siZiIsIjIwMTQvMTIvMDQvOThpaXdlM25jdF9JbmRleDEucG5nIl0sWyJwIiwidGh1bWIiLCIyMjV4MjU1XHUwMDNlIl1d/Index1.png?sha=d9193088b98ef323 200
I, [2014-12-05T21:19:47.906242 #963]  INFO -- : DRAGONFLY: GET /system/images/W1siZiIsIjIwMTQvMTIvMDQvOThpaXdlM25jdF9JbmRleDEucG5nIl1d/Index1.png?sha=f88fbb76300f8a32 304
I, [2014-12-05T21:20:48.247441 #963]  INFO -- : DRAGONFLY: GET /system/images/W1siZiIsIjIwMTQvMTIvMDQvOThpaXdlM25jdF9JbmRleDEucG5nIl1d/Index1.png?sha=f88fbb76300f8a32 304
I, [2014-12-05T21:23:06.632066 #963]  INFO -- : DRAGONFLY: GET /system/images/W1siZiIsIjIwMTQvMTIvMDQvOThpaXdlM25jdF9JbmRleDEucG5nIl1d/Index1.png?sha=f88fbb76300f8a32 304
I, [2014-12-05T21:24:04.688161 #963]  INFO -- : DRAGONFLY: GET /system/images/W1siZiIsIjIwMTQvMTIvMDQvOThpaXdlM25jdF9JbmRleDEucG5nIl1d/Index1.png?sha=f88fbb76300f8a32 304
I, [2014-12-05T21:25:05.866573 #963]  INFO -- : DRAGONFLY: GET /system/images/W1siZiIsIjIwMTQvMTIvMDQvOThpaXdlM25jdF9JbmRleDEucG5nIl1d/Index1.png?sha=f88fbb76300f8a32 304
I, [2014-12-05T21:25:10.596880 #963]  INFO -- : DRAGONFLY: GET /system/images/W1siZiIsIjIwMTQvMTIvMDQvOThpaXdlM25jdF9JbmRleDEucG5nIl1d/Index1.png?sha=f88fbb76300f8a32 304
I, [2014-12-05T21:26:15.342081 #963]  INFO -- : DRAGONFLY: GET /system/images/W1siZiIsIjIwMTQvMTIvMDQvOThpaXdlM25jdF9JbmRleDEucG5nIl1d/Index1.png?sha=f88fbb76300f8a32 304
I, [2014-12-05T21:27:37.028063 #963]  INFO -- : DRAGONFLY: GET /system/images/W1siZiIsIjIwMTQvMTIvMDQvOThpaXdlM25jdF9JbmRleDEucG5nIl1d/Index1.png?sha=f88fbb76300f8a32 304
I, [2014-12-07T05:18:49.214740 #3628]  INFO -- : DRAGONFLY: GET /system/images/W1siZiIsIjIwMTQvMTIvMDQvOThpaXdlM25jdF9JbmRleDEucG5nIl1d/Index1.png?sha=f88fbb76300f8a32 304
I, [2014-12-07T05:19:22.327385 #3628]  INFO -- : DRAGONFLY: GET /system/images/W1siZiIsIjIwMTQvMTIvMDQvOThpaXdlM25jdF9JbmRleDEucG5nIl1d/Index1.png?sha=f88fbb76300f8a32 304
I, [2014-12-08T01:30:20.378624 #3628]  INFO -- : DRAGONFLY: GET /system/images/W1siZiIsIjIwMTQvMTIvMDQvOThpaXdlM25jdF9JbmRleDEucG5nIl1d/Index1.png?sha=f88fbb76300f8a32 304
I, [2014-12-08T01:32:34.056414 #3628]  INFO -- : DRAGONFLY: GET /system/images/W1siZiIsIjIwMTQvMTIvMDQvOThpaXdlM25jdF9JbmRleDEucG5nIl1d/Index1.png?sha=f88fbb76300f8a32 304
I, [2014-12-08T01:42:04.668884 #3628]  INFO -- : DRAGONFLY: GET /system/images/W1siZiIsIjIwMTQvMTIvMDQvOThpaXdlM25jdF9JbmRleDEucG5nIl1d/Index1.png?sha=f88fbb76300f8a32 304
I, [2014-12-08T01:42:38.973429 #3628]  INFO -- : DRAGONFLY: GET /system/images/W1siZiIsIjIwMTQvMTIvMDQvOThpaXdlM25jdF9JbmRleDEucG5nIl1d/Index1.png?sha=f88fbb76300f8a32 304
I, [2014-12-08T01:44:28.150564 #3628]  INFO -- : DRAGONFLY: GET /system/images/W1siZiIsIjIwMTQvMTIvMDQvOThpaXdlM25jdF9JbmRleDEucG5nIl1d/Index1.png?sha=f88fbb76300f8a32 304
I, [2014-12-08T01:48:04.416748 #3628]  INFO -- : DRAGONFLY: GET /system/images/W1siZiIsIjIwMTQvMTIvMDQvOThpaXdlM25jdF9JbmRleDEucG5nIl1d/Index1.png?sha=f88fbb76300f8a32 304
I, [2014-12-08T01:53:23.960847 #3628]  INFO -- : DRAGONFLY: GET /system/images/W1siZiIsIjIwMTQvMTIvMDQvOThpaXdlM25jdF9JbmRleDEucG5nIl1d/Index1.png?sha=f88fbb76300f8a32 304
I, [2014-12-08T01:53:28.621951 #3628]  INFO -- : DRAGONFLY: GET /system/images/W1siZiIsIjIwMTQvMTIvMDQvOThpaXdlM25jdF9JbmRleDEucG5nIl1d/Index1.png?sha=f88fbb76300f8a32 304
I, [2014-12-08T02:01:37.182520 #3628]  INFO -- : DRAGONFLY: GET /system/images/W1siZiIsIjIwMTQvMTIvMDQvOThpaXdlM25jdF9JbmRleDEucG5nIl1d/Index1.png?sha=f88fbb76300f8a32 304
I, [2014-12-08T02:03:08.766999 #3628]  INFO -- : DRAGONFLY: GET /system/images/W1siZiIsIjIwMTQvMTIvMDQvOThpaXdlM25jdF9JbmRleDEucG5nIl1d/Index1.png?sha=f88fbb76300f8a32 304
I, [2014-12-08T02:08:32.383314 #3628]  INFO -- : DRAGONFLY: GET /system/images/W1siZiIsIjIwMTQvMTIvMDQvOThpaXdlM25jdF9JbmRleDEucG5nIl1d/Index1.png?sha=f88fbb76300f8a32 304
I, [2014-12-08T02:10:18.679300 #3628]  INFO -- : DRAGONFLY: GET /system/images/W1siZiIsIjIwMTQvMTIvMDQvOThpaXdlM25jdF9JbmRleDEucG5nIl1d/Index1.png?sha=f88fbb76300f8a32 304
I, [2014-12-08T02:10:50.994505 #3628]  INFO -- : DRAGONFLY: GET /system/images/W1siZiIsIjIwMTQvMTIvMDQvOThpaXdlM25jdF9JbmRleDEucG5nIl1d/Index1.png?sha=f88fbb76300f8a32 304
I, [2014-12-08T02:12:03.046123 #3628]  INFO -- : DRAGONFLY: GET /system/images/W1siZiIsIjIwMTQvMTIvMDQvOThpaXdlM25jdF9JbmRleDEucG5nIl1d/Index1.png?sha=f88fbb76300f8a32 304
I, [2014-12-08T02:12:57.773465 #3628]  INFO -- : DRAGONFLY: GET /system/images/W1siZiIsIjIwMTQvMTIvMDQvOThpaXdlM25jdF9JbmRleDEucG5nIl1d/Index1.png?sha=f88fbb76300f8a32 304
I, [2014-12-08T02:15:45.707848 #3628]  INFO -- : DRAGONFLY: GET /system/images/W1siZiIsIjIwMTQvMTIvMDQvOThpaXdlM25jdF9JbmRleDEucG5nIl1d/Index1.png?sha=f88fbb76300f8a32 304
I, [2014-12-08T02:15:50.194961 #3628]  INFO -- : DRAGONFLY: GET /system/images/W1siZiIsIjIwMTQvMTIvMDQvOThpaXdlM25jdF9JbmRleDEucG5nIl1d/Index1.png?sha=f88fbb76300f8a32 304
I, [2014-12-08T02:15:54.661427 #3628]  INFO -- : DRAGONFLY: GET /system/images/W1siZiIsIjIwMTQvMTIvMDQvOThpaXdlM25jdF9JbmRleDEucG5nIl1d/Index1.png?sha=f88fbb76300f8a32 304
I, [2014-12-08T02:17:51.835737 #3628]  INFO -- : DRAGONFLY: GET /system/images/W1siZiIsIjIwMTQvMTIvMDQvOThpaXdlM25jdF9JbmRleDEucG5nIl1d/Index1.png?sha=f88fbb76300f8a32 304
I, [2014-12-08T02:19:43.597291 #3628]  INFO -- : DRAGONFLY: GET /system/images/W1siZiIsIjIwMTQvMTIvMDQvOThpaXdlM25jdF9JbmRleDEucG5nIl1d/Index1.png?sha=f88fbb76300f8a32 304
I, [2014-12-08T02:19:52.400910 #3628]  INFO -- : DRAGONFLY: GET /system/images/W1siZiIsIjIwMTQvMTIvMDQvOThpaXdlM25jdF9JbmRleDEucG5nIl1d/Index1.png?sha=f88fbb76300f8a32 304
I, [2014-12-08T02:20:13.444085 #3628]  INFO -- : DRAGONFLY: GET /system/images/W1siZiIsIjIwMTQvMTIvMDQvOThpaXdlM25jdF9JbmRleDEucG5nIl1d/Index1.png?sha=f88fbb76300f8a32 304
I, [2014-12-08T02:20:21.324882 #3628]  INFO -- : DRAGONFLY: GET /system/images/W1siZiIsIjIwMTQvMTIvMDQvOThpaXdlM25jdF9JbmRleDEucG5nIl1d/Index1.png?sha=f88fbb76300f8a32 304
I, [2014-12-08T02:21:53.062748 #3628]  INFO -- : DRAGONFLY: GET /system/images/W1siZiIsIjIwMTQvMTIvMDQvOThpaXdlM25jdF9JbmRleDEucG5nIl1d/Index1.png?sha=f88fbb76300f8a32 304
I, [2014-12-08T02:22:51.086595 #3628]  INFO -- : DRAGONFLY: GET /system/images/W1siZiIsIjIwMTQvMTIvMDQvOThpaXdlM25jdF9JbmRleDEucG5nIl1d/Index1.png?sha=f88fbb76300f8a32 304
I, [2014-12-08T02:23:41.930686 #3628]  INFO -- : DRAGONFLY: GET /system/images/W1siZiIsIjIwMTQvMTIvMDQvOThpaXdlM25jdF9JbmRleDEucG5nIl1d/Index1.png?sha=f88fbb76300f8a32 304
I, [2014-12-08T02:23:56.853216 #3628]  INFO -- : DRAGONFLY: GET /system/images/W1siZiIsIjIwMTQvMTIvMDQvOThpaXdlM25jdF9JbmRleDEucG5nIl1d/Index1.png?sha=f88fbb76300f8a32 304
I, [2014-12-08T02:24:05.360647 #3628]  INFO -- : DRAGONFLY: GET /system/images/W1siZiIsIjIwMTQvMTIvMDQvOThpaXdlM25jdF9JbmRleDEucG5nIl1d/Index1.png?sha=f88fbb76300f8a32 304
I, [2014-12-08T02:29:10.632308 #3628]  INFO -- : DRAGONFLY: GET /system/images/W1siZiIsIjIwMTQvMTIvMDQvOThpaXdlM25jdF9JbmRleDEucG5nIl1d/Index1.png?sha=f88fbb76300f8a32 304
I, [2014-12-08T02:30:36.880558 #3628]  INFO -- : DRAGONFLY: GET /system/images/W1siZiIsIjIwMTQvMTIvMDQvOThpaXdlM25jdF9JbmRleDEucG5nIl1d/Index1.png?sha=f88fbb76300f8a32 304
I, [2014-12-08T02:33:13.715407 #3628]  INFO -- : DRAGONFLY: GET /system/images/W1siZiIsIjIwMTQvMTIvMDQvOThpaXdlM25jdF9JbmRleDEucG5nIl1d/Index1.png?sha=f88fbb76300f8a32 304
I, [2014-12-08T02:34:43.481419 #3628]  INFO -- : DRAGONFLY: GET /system/images/W1siZiIsIjIwMTQvMTIvMDQvOThpaXdlM25jdF9JbmRleDEucG5nIl1d/Index1.png?sha=f88fbb76300f8a32 304
I, [2014-12-08T02:35:23.716536 #3628]  INFO -- : DRAGONFLY: GET /system/images/W1siZiIsIjIwMTQvMTIvMDQvOThpaXdlM25jdF9JbmRleDEucG5nIl1d/Index1.png?sha=f88fbb76300f8a32 304
I, [2014-12-08T02:52:07.666178 #3628]  INFO -- : DRAGONFLY: GET /system/images/W1siZiIsIjIwMTQvMTIvMDQvOThpaXdlM25jdF9JbmRleDEucG5nIl1d/Index1.png?sha=f88fbb76300f8a32 304
I, [2014-12-08T02:53:07.885930 #3628]  INFO -- : DRAGONFLY: GET /system/images/W1siZiIsIjIwMTQvMTIvMDQvOThpaXdlM25jdF9JbmRleDEucG5nIl1d/Index1.png?sha=f88fbb76300f8a32 304
I, [2014-12-08T02:56:54.326411 #3628]  INFO -- : DRAGONFLY: GET /system/images/W1siZiIsIjIwMTQvMTIvMDQvOThpaXdlM25jdF9JbmRleDEucG5nIl1d/Index1.png?sha=f88fbb76300f8a32 304
I, [2014-12-08T16:51:12.696836 #12665]  INFO -- : DRAGONFLY: GET /system/images/W1siZiIsIjIwMTQvMTIvMDQvOThpaXdlM25jdF9JbmRleDEucG5nIl1d/Index1.png?sha=f88fbb76300f8a32 304
I, [2014-12-08T16:53:38.494596 #12665]  INFO -- : DRAGONFLY: GET /system/images/W1siZiIsIjIwMTQvMTIvMDQvOThpaXdlM25jdF9JbmRleDEucG5nIl1d/Index1.png?sha=f88fbb76300f8a32 304
I, [2014-12-08T16:54:48.822529 #12665]  INFO -- : DRAGONFLY: GET /system/images/W1siZiIsIjIwMTQvMTIvMDQvOThpaXdlM25jdF9JbmRleDEucG5nIl1d/Index1.png?sha=f88fbb76300f8a32 304
I, [2014-12-08T16:59:30.495949 #12665]  INFO -- : DRAGONFLY: GET /system/images/W1siZiIsIjIwMTQvMTIvMDQvOThpaXdlM25jdF9JbmRleDEucG5nIl1d/Index1.png?sha=f88fbb76300f8a32 304
I, [2014-12-08T17:03:53.174740 #12665]  INFO -- : DRAGONFLY: GET /system/images/W1siZiIsIjIwMTQvMTIvMDQvOThpaXdlM25jdF9JbmRleDEucG5nIl1d/Index1.png?sha=f88fbb76300f8a32 304
D, [2014-12-08T17:28:48.643024 #12665] DEBUG -- : DRAGONFLY: shell command: 'identify' '-ping' '-format' '%m %w %h' '/var/folders/_q/wg5hcxsn585fjv14240m60p40000gn/T/RackMultipart20141208-12665-ucrp7o'
D, [2014-12-08T17:28:54.424746 #12665] DEBUG -- : DRAGONFLY: shell command: 'convert' '/Volumes/WORK/RubyProject/CMS/feral/public/system/refinery/images/2014/12/08/6fwdfsdr60_Studio1.png' '-resize' '106x106^^' '-gravity' 'Center' '-crop' '106x106+0+0' '+repage' '/var/folders/_q/wg5hcxsn585fjv14240m60p40000gn/T/dragonfly20141208-12665-o0c4w9.png'
I, [2014-12-08T17:28:54.628033 #12665]  INFO -- : DRAGONFLY: GET /system/images/W1siZiIsIjIwMTQvMTIvMDgvNmZ3ZGZzZHI2MF9TdHVkaW8xLnBuZyJdLFsicCIsInRodW1iIiwiMTA2eDEwNiNjIl1d/Studio1.png?sha=d21a11704331affc 200
I, [2014-12-08T17:28:58.294173 #12665]  INFO -- : DRAGONFLY: GET /system/images/W1siZiIsIjIwMTQvMTIvMDgvNmZ3ZGZzZHI2MF9TdHVkaW8xLnBuZyJdXQ/Studio1.png?sha=fa550684bfb14d14 200
I, [2014-12-08T17:34:42.714613 #12665]  INFO -- : DRAGONFLY: GET /system/images/W1siZiIsIjIwMTQvMTIvMDgvNmZ3ZGZzZHI2MF9TdHVkaW8xLnBuZyJdXQ/Studio1.png?sha=fa550684bfb14d14 304
I, [2014-12-08T17:38:31.061093 #12665]  INFO -- : DRAGONFLY: GET /system/images/W1siZiIsIjIwMTQvMTIvMDgvNmZ3ZGZzZHI2MF9TdHVkaW8xLnBuZyJdXQ/Studio1.png?sha=fa550684bfb14d14 304
I, [2014-12-08T17:59:59.607277 #12665]  INFO -- : DRAGONFLY: GET /system/images/W1siZiIsIjIwMTQvMTIvMDgvNmZ3ZGZzZHI2MF9TdHVkaW8xLnBuZyJdXQ/Studio1.png?sha=fa550684bfb14d14 304
I, [2014-12-08T18:01:13.508053 #12665]  INFO -- : DRAGONFLY: GET /system/images/W1siZiIsIjIwMTQvMTIvMDgvNmZ3ZGZzZHI2MF9TdHVkaW8xLnBuZyJdXQ/Studio1.png?sha=fa550684bfb14d14 304
I, [2014-12-08T18:02:11.927336 #12665]  INFO -- : DRAGONFLY: GET /system/images/W1siZiIsIjIwMTQvMTIvMDgvNmZ3ZGZzZHI2MF9TdHVkaW8xLnBuZyJdXQ/Studio1.png?sha=fa550684bfb14d14 304
I, [2014-12-08T18:04:06.383622 #12665]  INFO -- : DRAGONFLY: GET /system/images/W1siZiIsIjIwMTQvMTIvMDgvNmZ3ZGZzZHI2MF9TdHVkaW8xLnBuZyJdXQ/Studio1.png?sha=fa550684bfb14d14 304
I, [2014-12-08T18:06:28.930006 #12665]  INFO -- : DRAGONFLY: GET /system/images/W1siZiIsIjIwMTQvMTIvMDgvNmZ3ZGZzZHI2MF9TdHVkaW8xLnBuZyJdXQ/Studio1.png?sha=fa550684bfb14d14 304
I, [2014-12-08T18:07:46.517758 #12665]  INFO -- : DRAGONFLY: GET /system/images/W1siZiIsIjIwMTQvMTIvMDgvNmZ3ZGZzZHI2MF9TdHVkaW8xLnBuZyJdXQ/Studio1.png?sha=fa550684bfb14d14 304
I, [2014-12-08T18:13:35.573116 #12665]  INFO -- : DRAGONFLY: GET /system/images/W1siZiIsIjIwMTQvMTIvMDgvNmZ3ZGZzZHI2MF9TdHVkaW8xLnBuZyJdXQ/Studio1.png?sha=fa550684bfb14d14 304
I, [2014-12-08T18:14:41.533192 #12665]  INFO -- : DRAGONFLY: GET /system/images/W1siZiIsIjIwMTQvMTIvMDgvNmZ3ZGZzZHI2MF9TdHVkaW8xLnBuZyJdXQ/Studio1.png?sha=fa550684bfb14d14 304
I, [2014-12-08T18:30:39.711924 #12665]  INFO -- : DRAGONFLY: GET /system/images/W1siZiIsIjIwMTQvMTIvMDgvNmZ3ZGZzZHI2MF9TdHVkaW8xLnBuZyJdXQ/Studio1.png?sha=fa550684bfb14d14 304
I, [2014-12-08T18:37:27.022450 #12665]  INFO -- : DRAGONFLY: GET /system/images/W1siZiIsIjIwMTQvMTIvMDgvNmZ3ZGZzZHI2MF9TdHVkaW8xLnBuZyJdXQ/Studio1.png?sha=fa550684bfb14d14 304
I, [2014-12-08T18:39:50.746300 #12665]  INFO -- : DRAGONFLY: GET /system/images/W1siZiIsIjIwMTQvMTIvMDgvNmZ3ZGZzZHI2MF9TdHVkaW8xLnBuZyJdXQ/Studio1.png?sha=fa550684bfb14d14 304
I, [2014-12-08T18:46:20.780786 #12665]  INFO -- : DRAGONFLY: GET /system/images/W1siZiIsIjIwMTQvMTIvMDgvNmZ3ZGZzZHI2MF9TdHVkaW8xLnBuZyJdXQ/Studio1.png?sha=fa550684bfb14d14 200
I, [2014-12-08T18:48:40.539329 #12665]  INFO -- : DRAGONFLY: GET /system/images/W1siZiIsIjIwMTQvMTIvMDgvNmZ3ZGZzZHI2MF9TdHVkaW8xLnBuZyJdXQ/Studio1.png?sha=fa550684bfb14d14 304
I, [2014-12-08T18:49:02.910381 #12665]  INFO -- : DRAGONFLY: GET /system/images/W1siZiIsIjIwMTQvMTIvMDgvNmZ3ZGZzZHI2MF9TdHVkaW8xLnBuZyJdXQ/Studio1.png?sha=fa550684bfb14d14 304
I, [2014-12-08T21:22:21.199040 #12665]  INFO -- : DRAGONFLY: GET /system/images/W1siZiIsIjIwMTQvMTIvMDgvNmZ3ZGZzZHI2MF9TdHVkaW8xLnBuZyJdXQ/Studio1.png?sha=fa550684bfb14d14 304
I, [2014-12-08T21:23:51.467280 #12665]  INFO -- : DRAGONFLY: GET /system/images/W1siZiIsIjIwMTQvMTIvMDgvNmZ3ZGZzZHI2MF9TdHVkaW8xLnBuZyJdXQ/Studio1.png?sha=fa550684bfb14d14 304
I, [2014-12-08T21:25:21.213053 #12665]  INFO -- : DRAGONFLY: GET /system/images/W1siZiIsIjIwMTQvMTIvMDgvNmZ3ZGZzZHI2MF9TdHVkaW8xLnBuZyJdXQ/Studio1.png?sha=fa550684bfb14d14 304
I, [2014-12-08T21:27:04.543894 #12665]  INFO -- : DRAGONFLY: GET /system/images/W1siZiIsIjIwMTQvMTIvMDgvNmZ3ZGZzZHI2MF9TdHVkaW8xLnBuZyJdXQ/Studio1.png?sha=fa550684bfb14d14 304
I, [2014-12-08T21:27:44.406823 #12665]  INFO -- : DRAGONFLY: GET /system/images/W1siZiIsIjIwMTQvMTIvMDgvNmZ3ZGZzZHI2MF9TdHVkaW8xLnBuZyJdXQ/Studio1.png?sha=fa550684bfb14d14 304
I, [2014-12-08T21:29:08.531198 #12665]  INFO -- : DRAGONFLY: GET /system/images/W1siZiIsIjIwMTQvMTIvMDgvNmZ3ZGZzZHI2MF9TdHVkaW8xLnBuZyJdXQ/Studio1.png?sha=fa550684bfb14d14 304
I, [2014-12-08T21:29:23.419900 #12665]  INFO -- : DRAGONFLY: GET /system/images/W1siZiIsIjIwMTQvMTIvMDgvNmZ3ZGZzZHI2MF9TdHVkaW8xLnBuZyJdXQ/Studio1.png?sha=fa550684bfb14d14 304
I, [2014-12-08T21:32:50.617246 #12665]  INFO -- : DRAGONFLY: GET /system/images/W1siZiIsIjIwMTQvMTIvMDgvNmZ3ZGZzZHI2MF9TdHVkaW8xLnBuZyJdXQ/Studio1.png?sha=fa550684bfb14d14 304
I, [2014-12-08T21:33:55.144431 #12665]  INFO -- : DRAGONFLY: GET /system/images/W1siZiIsIjIwMTQvMTIvMDgvNmZ3ZGZzZHI2MF9TdHVkaW8xLnBuZyJdXQ/Studio1.png?sha=fa550684bfb14d14 304
I, [2014-12-08T21:34:06.022603 #12665]  INFO -- : DRAGONFLY: GET /system/images/W1siZiIsIjIwMTQvMTIvMDgvNmZ3ZGZzZHI2MF9TdHVkaW8xLnBuZyJdXQ/Studio1.png?sha=fa550684bfb14d14 304
I, [2014-12-08T21:35:33.417993 #17827]  INFO -- : DRAGONFLY: GET /system/images/W1siZiIsIjIwMTQvMTIvMDgvNmZ3ZGZzZHI2MF9TdHVkaW8xLnBuZyJdXQ/Studio1.png?sha=fa550684bfb14d14 304
I, [2014-12-08T21:36:32.973922 #17827]  INFO -- : DRAGONFLY: GET /system/images/W1siZiIsIjIwMTQvMTIvMDgvNmZ3ZGZzZHI2MF9TdHVkaW8xLnBuZyJdXQ/Studio1.png?sha=fa550684bfb14d14 304
I, [2014-12-08T21:36:36.411736 #17827]  INFO -- : DRAGONFLY: GET /system/images/W1siZiIsIjIwMTQvMTIvMDgvNmZ3ZGZzZHI2MF9TdHVkaW8xLnBuZyJdXQ/Studio1.png?sha=fa550684bfb14d14 304
I, [2014-12-08T21:37:27.241324 #17827]  INFO -- : DRAGONFLY: GET /system/images/W1siZiIsIjIwMTQvMTIvMDgvNmZ3ZGZzZHI2MF9TdHVkaW8xLnBuZyJdXQ/Studio1.png?sha=fa550684bfb14d14 304
I, [2014-12-08T21:39:44.146912 #17827]  INFO -- : DRAGONFLY: GET /system/images/W1siZiIsIjIwMTQvMTIvMDgvNmZ3ZGZzZHI2MF9TdHVkaW8xLnBuZyJdXQ/Studio1.png?sha=fa550684bfb14d14 304
I, [2014-12-08T21:39:53.019360 #17827]  INFO -- : DRAGONFLY: GET /system/images/W1siZiIsIjIwMTQvMTIvMDgvNmZ3ZGZzZHI2MF9TdHVkaW8xLnBuZyJdXQ/Studio1.png?sha=fa550684bfb14d14 304
I, [2014-12-08T21:41:46.756565 #17827]  INFO -- : DRAGONFLY: GET /system/images/W1siZiIsIjIwMTQvMTIvMDgvNmZ3ZGZzZHI2MF9TdHVkaW8xLnBuZyJdXQ/Studio1.png?sha=fa550684bfb14d14 304
D, [2014-12-08T21:43:23.548592 #17827] DEBUG -- : DRAGONFLY: shell command: 'identify' '-ping' '-format' '%m %w %h' '/var/folders/_q/wg5hcxsn585fjv14240m60p40000gn/T/RackMultipart20141208-17827-9i19vo'
D, [2014-12-08T21:43:27.132077 #17827] DEBUG -- : DRAGONFLY: shell command: 'convert' '/Volumes/WORK/RubyProject/CMS/feral/public/system/refinery/images/2014/12/08/9jod4dqdl5_Studio3.png' '-resize' '106x106^^' '-gravity' 'Center' '-crop' '106x106+0+0' '+repage' '/var/folders/_q/wg5hcxsn585fjv14240m60p40000gn/T/dragonfly20141208-17827-1xdn5wv.png'
I, [2014-12-08T21:43:27.329472 #17827]  INFO -- : DRAGONFLY: GET /system/images/W1siZiIsIjIwMTQvMTIvMDgvOWpvZDRkcWRsNV9TdHVkaW8zLnBuZyJdLFsicCIsInRodW1iIiwiMTA2eDEwNiNjIl1d/Studio3.png?sha=4caa4274c2e0ace4 200
I, [2014-12-08T21:43:30.680251 #17827]  INFO -- : DRAGONFLY: GET /system/images/W1siZiIsIjIwMTQvMTIvMDgvOWpvZDRkcWRsNV9TdHVkaW8zLnBuZyJdXQ/Studio3.png?sha=f27948cdc0e932a4 200
I, [2014-12-08T21:45:25.358497 #17827]  INFO -- : DRAGONFLY: GET /system/images/W1siZiIsIjIwMTQvMTIvMDgvNmZ3ZGZzZHI2MF9TdHVkaW8xLnBuZyJdXQ/Studio1.png?sha=fa550684bfb14d14 304
I, [2014-12-08T21:45:25.407185 #17827]  INFO -- : DRAGONFLY: GET /system/images/W1siZiIsIjIwMTQvMTIvMDgvOWpvZDRkcWRsNV9TdHVkaW8zLnBuZyJdXQ/Studio3.png?sha=f27948cdc0e932a4 304
I, [2014-12-08T21:47:10.380047 #17827]  INFO -- : DRAGONFLY: GET /system/images/W1siZiIsIjIwMTQvMTIvMDgvNmZ3ZGZzZHI2MF9TdHVkaW8xLnBuZyJdXQ/Studio1.png?sha=fa550684bfb14d14 304
I, [2014-12-08T21:47:10.493858 #17827]  INFO -- : DRAGONFLY: GET /system/images/W1siZiIsIjIwMTQvMTIvMDgvOWpvZDRkcWRsNV9TdHVkaW8zLnBuZyJdXQ/Studio3.png?sha=f27948cdc0e932a4 304
I, [2014-12-08T21:52:39.552469 #17827]  INFO -- : DRAGONFLY: GET /system/images/W1siZiIsIjIwMTQvMTIvMDgvNmZ3ZGZzZHI2MF9TdHVkaW8xLnBuZyJdXQ/Studio1.png?sha=fa550684bfb14d14 304
I, [2014-12-08T21:52:39.633413 #17827]  INFO -- : DRAGONFLY: GET /system/images/W1siZiIsIjIwMTQvMTIvMDgvOWpvZDRkcWRsNV9TdHVkaW8zLnBuZyJdXQ/Studio3.png?sha=f27948cdc0e932a4 304
I, [2014-12-08T21:54:02.627176 #17827]  INFO -- : DRAGONFLY: GET /system/images/W1siZiIsIjIwMTQvMTIvMDgvNmZ3ZGZzZHI2MF9TdHVkaW8xLnBuZyJdXQ/Studio1.png?sha=fa550684bfb14d14 304
I, [2014-12-08T21:54:02.670365 #17827]  INFO -- : DRAGONFLY: GET /system/images/W1siZiIsIjIwMTQvMTIvMDgvOWpvZDRkcWRsNV9TdHVkaW8zLnBuZyJdXQ/Studio3.png?sha=f27948cdc0e932a4 304
I, [2014-12-08T22:01:44.373755 #17827]  INFO -- : DRAGONFLY: GET /system/images/W1siZiIsIjIwMTQvMTIvMDgvNmZ3ZGZzZHI2MF9TdHVkaW8xLnBuZyJdXQ/Studio1.png?sha=fa550684bfb14d14 304
I, [2014-12-08T22:01:44.418331 #17827]  INFO -- : DRAGONFLY: GET /system/images/W1siZiIsIjIwMTQvMTIvMDgvOWpvZDRkcWRsNV9TdHVkaW8zLnBuZyJdXQ/Studio3.png?sha=f27948cdc0e932a4 304
I, [2014-12-08T22:02:09.509158 #17827]  INFO -- : DRAGONFLY: GET /system/images/W1siZiIsIjIwMTQvMTIvMDgvNmZ3ZGZzZHI2MF9TdHVkaW8xLnBuZyJdXQ/Studio1.png?sha=fa550684bfb14d14 304
I, [2014-12-08T22:02:09.558737 #17827]  INFO -- : DRAGONFLY: GET /system/images/W1siZiIsIjIwMTQvMTIvMDgvOWpvZDRkcWRsNV9TdHVkaW8zLnBuZyJdXQ/Studio3.png?sha=f27948cdc0e932a4 304
I, [2014-12-08T22:02:36.381791 #17827]  INFO -- : DRAGONFLY: GET /system/images/W1siZiIsIjIwMTQvMTIvMDgvNmZ3ZGZzZHI2MF9TdHVkaW8xLnBuZyJdXQ/Studio1.png?sha=fa550684bfb14d14 304
I, [2014-12-08T22:02:36.454563 #17827]  INFO -- : DRAGONFLY: GET /system/images/W1siZiIsIjIwMTQvMTIvMDgvOWpvZDRkcWRsNV9TdHVkaW8zLnBuZyJdXQ/Studio3.png?sha=f27948cdc0e932a4 304
I, [2014-12-08T22:02:47.042893 #17827]  INFO -- : DRAGONFLY: GET /system/images/W1siZiIsIjIwMTQvMTIvMDgvOWpvZDRkcWRsNV9TdHVkaW8zLnBuZyJdXQ/Studio3.png?sha=f27948cdc0e932a4 304
I, [2014-12-08T22:02:47.076649 #17827]  INFO -- : DRAGONFLY: GET /system/images/W1siZiIsIjIwMTQvMTIvMDgvNmZ3ZGZzZHI2MF9TdHVkaW8xLnBuZyJdXQ/Studio1.png?sha=fa550684bfb14d14 304
I, [2014-12-08T22:03:05.459183 #17827]  INFO -- : DRAGONFLY: GET /system/images/W1siZiIsIjIwMTQvMTIvMDgvNmZ3ZGZzZHI2MF9TdHVkaW8xLnBuZyJdXQ/Studio1.png?sha=fa550684bfb14d14 304
I, [2014-12-08T22:03:05.493344 #17827]  INFO -- : DRAGONFLY: GET /system/images/W1siZiIsIjIwMTQvMTIvMDgvOWpvZDRkcWRsNV9TdHVkaW8zLnBuZyJdXQ/Studio3.png?sha=f27948cdc0e932a4 304
I, [2014-12-08T22:52:58.340613 #17827]  INFO -- : DRAGONFLY: GET /system/images/W1siZiIsIjIwMTQvMTIvMDQvOThpaXdlM25jdF9JbmRleDEucG5nIl1d/Index1.png?sha=f88fbb76300f8a32 304
I, [2014-12-08T22:54:01.887983 #17827]  INFO -- : DRAGONFLY: GET /system/images/W1siZiIsIjIwMTQvMTIvMDQvOThpaXdlM25jdF9JbmRleDEucG5nIl1d/Index1.png?sha=f88fbb76300f8a32 304
I, [2014-12-08T22:55:13.855639 #17827]  INFO -- : DRAGONFLY: GET /system/images/W1siZiIsIjIwMTQvMTIvMDQvOThpaXdlM25jdF9JbmRleDEucG5nIl1d/Index1.png?sha=f88fbb76300f8a32 304
I, [2014-12-08T22:56:49.372671 #17827]  INFO -- : DRAGONFLY: GET /system/images/W1siZiIsIjIwMTQvMTIvMDQvOThpaXdlM25jdF9JbmRleDEucG5nIl1d/Index1.png?sha=f88fbb76300f8a32 304
I, [2014-12-08T22:58:02.233132 #17827]  INFO -- : DRAGONFLY: GET /system/images/W1siZiIsIjIwMTQvMTIvMDQvOThpaXdlM25jdF9JbmRleDEucG5nIl1d/Index1.png?sha=f88fbb76300f8a32 200
I, [2014-12-08T22:59:02.383981 #17827]  INFO -- : DRAGONFLY: GET /system/images/W1siZiIsIjIwMTQvMTIvMDQvOThpaXdlM25jdF9JbmRleDEucG5nIl1d/Index1.png?sha=f88fbb76300f8a32 304
I, [2014-12-08T23:00:33.195431 #17827]  INFO -- : DRAGONFLY: GET /system/images/W1siZiIsIjIwMTQvMTIvMDQvOThpaXdlM25jdF9JbmRleDEucG5nIl1d/Index1.png?sha=f88fbb76300f8a32 304
I, [2014-12-08T23:01:33.896502 #17827]  INFO -- : DRAGONFLY: GET /system/images/W1siZiIsIjIwMTQvMTIvMDQvOThpaXdlM25jdF9JbmRleDEucG5nIl1d/Index1.png?sha=f88fbb76300f8a32 304
I, [2014-12-08T23:01:54.634161 #17827]  INFO -- : DRAGONFLY: GET /system/images/W1siZiIsIjIwMTQvMTIvMDQvOThpaXdlM25jdF9JbmRleDEucG5nIl1d/Index1.png?sha=f88fbb76300f8a32 304
I, [2014-12-08T23:02:37.236851 #17827]  INFO -- : DRAGONFLY: GET /system/images/W1siZiIsIjIwMTQvMTIvMDQvOThpaXdlM25jdF9JbmRleDEucG5nIl1d/Index1.png?sha=f88fbb76300f8a32 304
I, [2014-12-08T23:06:57.493924 #17827]  INFO -- : DRAGONFLY: GET /system/images/W1siZiIsIjIwMTQvMTIvMDQvOThpaXdlM25jdF9JbmRleDEucG5nIl1d/Index1.png?sha=f88fbb76300f8a32 304
I, [2014-12-08T23:07:14.485648 #17827]  INFO -- : DRAGONFLY: GET /system/images/W1siZiIsIjIwMTQvMTIvMDQvOThpaXdlM25jdF9JbmRleDEucG5nIl1d/Index1.png?sha=f88fbb76300f8a32 304
I, [2014-12-08T23:07:55.798204 #17827]  INFO -- : DRAGONFLY: GET /system/images/W1siZiIsIjIwMTQvMTIvMDQvOThpaXdlM25jdF9JbmRleDEucG5nIl1d/Index1.png?sha=f88fbb76300f8a32 304
I, [2014-12-08T23:09:52.452593 #17827]  INFO -- : DRAGONFLY: GET /system/images/W1siZiIsIjIwMTQvMTIvMDQvOThpaXdlM25jdF9JbmRleDEucG5nIl1d/Index1.png?sha=f88fbb76300f8a32 304
I, [2014-12-08T23:12:33.244452 #17827]  INFO -- : DRAGONFLY: GET /system/images/W1siZiIsIjIwMTQvMTIvMDQvOThpaXdlM25jdF9JbmRleDEucG5nIl1d/Index1.png?sha=f88fbb76300f8a32 304
I, [2014-12-08T23:12:46.765163 #17827]  INFO -- : DRAGONFLY: GET /system/images/W1siZiIsIjIwMTQvMTIvMDQvOThpaXdlM25jdF9JbmRleDEucG5nIl1d/Index1.png?sha=f88fbb76300f8a32 304
I, [2014-12-08T23:13:41.343014 #17827]  INFO -- : DRAGONFLY: GET /system/images/W1siZiIsIjIwMTQvMTIvMDQvOThpaXdlM25jdF9JbmRleDEucG5nIl1d/Index1.png?sha=f88fbb76300f8a32 304
I, [2014-12-08T23:14:52.177451 #17827]  INFO -- : DRAGONFLY: GET /system/images/W1siZiIsIjIwMTQvMTIvMDQvOThpaXdlM25jdF9JbmRleDEucG5nIl1d/Index1.png?sha=f88fbb76300f8a32 304
I, [2014-12-08T23:15:57.767218 #17827]  INFO -- : DRAGONFLY: GET /system/images/W1siZiIsIjIwMTQvMTIvMDQvOThpaXdlM25jdF9JbmRleDEucG5nIl1d/Index1.png?sha=f88fbb76300f8a32 304
I, [2014-12-08T23:16:41.069500 #17827]  INFO -- : DRAGONFLY: GET /system/images/W1siZiIsIjIwMTQvMTIvMDQvOThpaXdlM25jdF9JbmRleDEucG5nIl1d/Index1.png?sha=f88fbb76300f8a32 200
I, [2014-12-08T23:21:50.044840 #17827]  INFO -- : DRAGONFLY: GET /system/images/W1siZiIsIjIwMTQvMTIvMDQvOThpaXdlM25jdF9JbmRleDEucG5nIl1d/Index1.png?sha=f88fbb76300f8a32 304
I, [2014-12-08T23:23:56.185723 #17827]  INFO -- : DRAGONFLY: GET /system/images/W1siZiIsIjIwMTQvMTIvMDQvOThpaXdlM25jdF9JbmRleDEucG5nIl1d/Index1.png?sha=f88fbb76300f8a32 304
I, [2014-12-08T23:24:24.270320 #17827]  INFO -- : DRAGONFLY: GET /system/images/W1siZiIsIjIwMTQvMTIvMDQvOThpaXdlM25jdF9JbmRleDEucG5nIl1d/Index1.png?sha=f88fbb76300f8a32 304
I, [2014-12-08T23:25:34.722226 #17827]  INFO -- : DRAGONFLY: GET /system/images/W1siZiIsIjIwMTQvMTIvMDQvOThpaXdlM25jdF9JbmRleDEucG5nIl1d/Index1.png?sha=f88fbb76300f8a32 304
I, [2014-12-08T23:45:08.096549 #17827]  INFO -- : DRAGONFLY: GET /system/images/W1siZiIsIjIwMTQvMTIvMDQvOThpaXdlM25jdF9JbmRleDEucG5nIl1d/Index1.png?sha=f88fbb76300f8a32 304
I, [2014-12-08T23:55:04.318976 #17827]  INFO -- : DRAGONFLY: GET /system/images/W1siZiIsIjIwMTQvMTIvMDQvOThpaXdlM25jdF9JbmRleDEucG5nIl1d/Index1.png?sha=f88fbb76300f8a32 304
I, [2014-12-08T23:58:31.793879 #17827]  INFO -- : DRAGONFLY: GET /system/images/W1siZiIsIjIwMTQvMTIvMDQvOThpaXdlM25jdF9JbmRleDEucG5nIl1d/Index1.png?sha=f88fbb76300f8a32 304
I, [2014-12-08T23:59:06.578701 #17827]  INFO -- : DRAGONFLY: GET /system/images/W1siZiIsIjIwMTQvMTIvMDQvOThpaXdlM25jdF9JbmRleDEucG5nIl1d/Index1.png?sha=f88fbb76300f8a32 304
I, [2014-12-09T00:00:19.165148 #17827]  INFO -- : DRAGONFLY: GET /system/images/W1siZiIsIjIwMTQvMTIvMDQvOThpaXdlM25jdF9JbmRleDEucG5nIl1d/Index1.png?sha=f88fbb76300f8a32 304
I, [2014-12-09T00:00:44.349606 #17827]  INFO -- : DRAGONFLY: GET /system/images/W1siZiIsIjIwMTQvMTIvMDQvOThpaXdlM25jdF9JbmRleDEucG5nIl1d/Index1.png?sha=f88fbb76300f8a32 304
I, [2014-12-09T00:01:06.128371 #17827]  INFO -- : DRAGONFLY: GET /system/images/W1siZiIsIjIwMTQvMTIvMDQvOThpaXdlM25jdF9JbmRleDEucG5nIl1d/Index1.png?sha=f88fbb76300f8a32 304
I, [2014-12-09T00:02:12.907473 #17827]  INFO -- : DRAGONFLY: GET /system/images/W1siZiIsIjIwMTQvMTIvMDgvNmZ3ZGZzZHI2MF9TdHVkaW8xLnBuZyJdXQ/Studio1.png?sha=fa550684bfb14d14 200
I, [2014-12-09T00:02:13.078729 #17827]  INFO -- : DRAGONFLY: GET /system/images/W1siZiIsIjIwMTQvMTIvMDgvOWpvZDRkcWRsNV9TdHVkaW8zLnBuZyJdXQ/Studio3.png?sha=f27948cdc0e932a4 200
I, [2014-12-09T00:09:44.393693 #17827]  INFO -- : DRAGONFLY: GET /system/images/W1siZiIsIjIwMTQvMTIvMDQvOThpaXdlM25jdF9JbmRleDEucG5nIl1d/Index1.png?sha=f88fbb76300f8a32 304
I, [2014-12-09T00:10:22.150433 #17827]  INFO -- : DRAGONFLY: GET /system/images/W1siZiIsIjIwMTQvMTIvMDQvOThpaXdlM25jdF9JbmRleDEucG5nIl1d/Index1.png?sha=f88fbb76300f8a32 304
I, [2014-12-09T00:10:35.699852 #17827]  INFO -- : DRAGONFLY: GET /system/images/W1siZiIsIjIwMTQvMTIvMDgvNmZ3ZGZzZHI2MF9TdHVkaW8xLnBuZyJdXQ/Studio1.png?sha=fa550684bfb14d14 304
I, [2014-12-09T00:10:35.796249 #17827]  INFO -- : DRAGONFLY: GET /system/images/W1siZiIsIjIwMTQvMTIvMDgvOWpvZDRkcWRsNV9TdHVkaW8zLnBuZyJdXQ/Studio3.png?sha=f27948cdc0e932a4 304
I, [2014-12-09T00:11:02.948134 #17827]  INFO -- : DRAGONFLY: GET /system/images/W1siZiIsIjIwMTQvMTIvMDQvOThpaXdlM25jdF9JbmRleDEucG5nIl1d/Index1.png?sha=f88fbb76300f8a32 304
I, [2014-12-09T00:12:52.198349 #17827]  INFO -- : DRAGONFLY: GET /system/images/W1siZiIsIjIwMTQvMTIvMDQvOThpaXdlM25jdF9JbmRleDEucG5nIl1d/Index1.png?sha=f88fbb76300f8a32 304
I, [2014-12-09T00:15:11.666408 #17827]  INFO -- : DRAGONFLY: GET /system/images/W1siZiIsIjIwMTQvMTIvMDQvOThpaXdlM25jdF9JbmRleDEucG5nIl1d/Index1.png?sha=f88fbb76300f8a32 304
I, [2014-12-09T00:16:25.215388 #17827]  INFO -- : DRAGONFLY: GET /system/images/W1siZiIsIjIwMTQvMTIvMDQvOThpaXdlM25jdF9JbmRleDEucG5nIl1d/Index1.png?sha=f88fbb76300f8a32 304
I, [2014-12-09T00:18:31.663716 #17827]  INFO -- : DRAGONFLY: GET /system/images/W1siZiIsIjIwMTQvMTIvMDQvOThpaXdlM25jdF9JbmRleDEucG5nIl1d/Index1.png?sha=f88fbb76300f8a32 304
I, [2014-12-09T00:20:11.662305 #17827]  INFO -- : DRAGONFLY: GET /system/images/W1siZiIsIjIwMTQvMTIvMDgvNmZ3ZGZzZHI2MF9TdHVkaW8xLnBuZyJdXQ/Studio1.png?sha=fa550684bfb14d14 304
I, [2014-12-09T00:20:11.766101 #17827]  INFO -- : DRAGONFLY: GET /system/images/W1siZiIsIjIwMTQvMTIvMDgvOWpvZDRkcWRsNV9TdHVkaW8zLnBuZyJdXQ/Studio3.png?sha=f27948cdc0e932a4 200
I, [2014-12-09T00:22:02.280031 #17827]  INFO -- : DRAGONFLY: GET /system/images/W1siZiIsIjIwMTQvMTIvMDQvOThpaXdlM25jdF9JbmRleDEucG5nIl1d/Index1.png?sha=f88fbb76300f8a32 304
I, [2014-12-09T00:22:12.109602 #17827]  INFO -- : DRAGONFLY: GET /system/images/W1siZiIsIjIwMTQvMTIvMDQvOThpaXdlM25jdF9JbmRleDEucG5nIl1d/Index1.png?sha=f88fbb76300f8a32 304
I, [2014-12-09T00:24:39.657513 #17827]  INFO -- : DRAGONFLY: GET /system/images/W1siZiIsIjIwMTQvMTIvMDQvOThpaXdlM25jdF9JbmRleDEucG5nIl1d/Index1.png?sha=f88fbb76300f8a32 304
I, [2014-12-09T00:25:29.210832 #17827]  INFO -- : DRAGONFLY: GET /system/images/W1siZiIsIjIwMTQvMTIvMDQvOThpaXdlM25jdF9JbmRleDEucG5nIl1d/Index1.png?sha=f88fbb76300f8a32 304
I, [2014-12-09T00:25:41.299476 #17827]  INFO -- : DRAGONFLY: GET /system/images/W1siZiIsIjIwMTQvMTIvMDQvOThpaXdlM25jdF9JbmRleDEucG5nIl1d/Index1.png?sha=f88fbb76300f8a32 304
I, [2014-12-09T00:29:16.938147 #17827]  INFO -- : DRAGONFLY: GET /system/images/W1siZiIsIjIwMTQvMTIvMDQvOThpaXdlM25jdF9JbmRleDEucG5nIl1d/Index1.png?sha=f88fbb76300f8a32 304
I, [2014-12-09T00:29:41.362319 #17827]  INFO -- : DRAGONFLY: GET /system/images/W1siZiIsIjIwMTQvMTIvMDQvOThpaXdlM25jdF9JbmRleDEucG5nIl1d/Index1.png?sha=f88fbb76300f8a32 304
I, [2014-12-09T00:35:03.339159 #17827]  INFO -- : DRAGONFLY: GET /system/images/W1siZiIsIjIwMTQvMTIvMDQvOThpaXdlM25jdF9JbmRleDEucG5nIl1d/Index1.png?sha=f88fbb76300f8a32 304
I, [2014-12-09T00:44:04.850271 #17827]  INFO -- : DRAGONFLY: GET /system/images/W1siZiIsIjIwMTQvMTIvMDgvNmZ3ZGZzZHI2MF9TdHVkaW8xLnBuZyJdXQ/Studio1.png?sha=fa550684bfb14d14 304
I, [2014-12-09T00:44:04.900165 #17827]  INFO -- : DRAGONFLY: GET /system/images/W1siZiIsIjIwMTQvMTIvMDgvOWpvZDRkcWRsNV9TdHVkaW8zLnBuZyJdXQ/Studio3.png?sha=f27948cdc0e932a4 304
D, [2014-12-09T00:50:10.743236 #17827] DEBUG -- : DRAGONFLY: shell command: 'convert' '/Volumes/WORK/RubyProject/CMS/feral/public/system/refinery/images/2014/12/08/9jod4dqdl5_Studio3.png' '-resize' '135x135^^' '-gravity' 'Center' '-crop' '135x135+0+0' '+repage' '/var/folders/_q/wg5hcxsn585fjv14240m60p40000gn/T/dragonfly20141209-17827-1tlf69i.png'
I, [2014-12-09T00:50:12.706981 #17827]  INFO -- : DRAGONFLY: GET /system/images/W1siZiIsIjIwMTQvMTIvMDgvOWpvZDRkcWRsNV9TdHVkaW8zLnBuZyJdLFsicCIsInRodW1iIiwiMTM1eDEzNSNjIl1d/Studio3.png?sha=7b2e2e4c8bbe8a6e 200
D, [2014-12-09T00:50:13.033222 #17827] DEBUG -- : DRAGONFLY: shell command: 'convert' '/Volumes/WORK/RubyProject/CMS/feral/public/system/refinery/images/2014/12/08/6fwdfsdr60_Studio1.png' '-resize' '135x135^^' '-gravity' 'Center' '-crop' '135x135+0+0' '+repage' '/var/folders/_q/wg5hcxsn585fjv14240m60p40000gn/T/dragonfly20141209-17827-1u0fnf6.png'
I, [2014-12-09T00:50:13.151274 #17827]  INFO -- : DRAGONFLY: GET /system/images/W1siZiIsIjIwMTQvMTIvMDgvNmZ3ZGZzZHI2MF9TdHVkaW8xLnBuZyJdLFsicCIsInRodW1iIiwiMTM1eDEzNSNjIl1d/Studio1.png?sha=9d1b61f812e97d0b 200
I, [2014-12-09T02:00:52.087964 #17827]  INFO -- : DRAGONFLY: GET /system/images/W1siZiIsIjIwMTQvMTIvMDQvOThpaXdlM25jdF9JbmRleDEucG5nIl1d/Index1.png?sha=f88fbb76300f8a32 304
I, [2014-12-09T02:07:14.110055 #17827]  INFO -- : DRAGONFLY: GET /system/images/W1siZiIsIjIwMTQvMTIvMDQvOThpaXdlM25jdF9JbmRleDEucG5nIl1d/Index1.png?sha=f88fbb76300f8a32 304
I, [2014-12-09T02:09:15.283014 #17827]  INFO -- : DRAGONFLY: GET /system/images/W1siZiIsIjIwMTQvMTIvMDQvOThpaXdlM25jdF9JbmRleDEucG5nIl1d/Index1.png?sha=f88fbb76300f8a32 304
I, [2014-12-09T02:09:43.952711 #17827]  INFO -- : DRAGONFLY: GET /system/images/W1siZiIsIjIwMTQvMTIvMDQvOThpaXdlM25jdF9JbmRleDEucG5nIl1d/Index1.png?sha=f88fbb76300f8a32 304
I, [2014-12-09T02:11:57.120947 #17827]  INFO -- : DRAGONFLY: GET /system/images/W1siZiIsIjIwMTQvMTIvMDQvOThpaXdlM25jdF9JbmRleDEucG5nIl1d/Index1.png?sha=f88fbb76300f8a32 304
I, [2014-12-09T02:13:21.253300 #17827]  INFO -- : DRAGONFLY: GET /system/images/W1siZiIsIjIwMTQvMTIvMDQvOThpaXdlM25jdF9JbmRleDEucG5nIl1d/Index1.png?sha=f88fbb76300f8a32 304
I, [2014-12-09T02:14:07.861830 #17827]  INFO -- : DRAGONFLY: GET /system/images/W1siZiIsIjIwMTQvMTIvMDQvOThpaXdlM25jdF9JbmRleDEucG5nIl1d/Index1.png?sha=f88fbb76300f8a32 304
I, [2014-12-09T02:19:42.984100 #17827]  INFO -- : DRAGONFLY: GET /system/images/W1siZiIsIjIwMTQvMTIvMDQvOThpaXdlM25jdF9JbmRleDEucG5nIl1d/Index1.png?sha=f88fbb76300f8a32 304
I, [2014-12-09T02:20:40.923128 #17827]  INFO -- : DRAGONFLY: GET /system/images/W1siZiIsIjIwMTQvMTIvMDQvOThpaXdlM25jdF9JbmRleDEucG5nIl1d/Index1.png?sha=f88fbb76300f8a32 304
I, [2014-12-09T02:21:05.461305 #17827]  INFO -- : DRAGONFLY: GET /system/images/W1siZiIsIjIwMTQvMTIvMDQvOThpaXdlM25jdF9JbmRleDEucG5nIl1d/Index1.png?sha=f88fbb76300f8a32 304
I, [2014-12-09T02:22:55.957504 #17827]  INFO -- : DRAGONFLY: GET /system/images/W1siZiIsIjIwMTQvMTIvMDQvOThpaXdlM25jdF9JbmRleDEucG5nIl1d/Index1.png?sha=f88fbb76300f8a32 304
I, [2014-12-09T02:23:19.452178 #17827]  INFO -- : DRAGONFLY: GET /system/images/W1siZiIsIjIwMTQvMTIvMDQvOThpaXdlM25jdF9JbmRleDEucG5nIl1d/Index1.png?sha=f88fbb76300f8a32 304
I, [2014-12-09T02:23:32.991190 #17827]  INFO -- : DRAGONFLY: GET /system/images/W1siZiIsIjIwMTQvMTIvMDQvOThpaXdlM25jdF9JbmRleDEucG5nIl1d/Index1.png?sha=f88fbb76300f8a32 304
I, [2014-12-09T02:25:07.728816 #17827]  INFO -- : DRAGONFLY: GET /system/images/W1siZiIsIjIwMTQvMTIvMDQvOThpaXdlM25jdF9JbmRleDEucG5nIl1d/Index1.png?sha=f88fbb76300f8a32 304
I, [2014-12-09T02:26:07.920995 #17827]  INFO -- : DRAGONFLY: GET /system/images/W1siZiIsIjIwMTQvMTIvMDQvOThpaXdlM25jdF9JbmRleDEucG5nIl1d/Index1.png?sha=f88fbb76300f8a32 304
I, [2014-12-09T02:26:42.759348 #17827]  INFO -- : DRAGONFLY: GET /system/images/W1siZiIsIjIwMTQvMTIvMDQvOThpaXdlM25jdF9JbmRleDEucG5nIl1d/Index1.png?sha=f88fbb76300f8a32 304
I, [2014-12-09T02:27:51.935945 #17827]  INFO -- : DRAGONFLY: GET /system/images/W1siZiIsIjIwMTQvMTIvMDQvOThpaXdlM25jdF9JbmRleDEucG5nIl1d/Index1.png?sha=f88fbb76300f8a32 304
I, [2014-12-09T02:28:22.582475 #17827]  INFO -- : DRAGONFLY: GET /system/images/W1siZiIsIjIwMTQvMTIvMDQvOThpaXdlM25jdF9JbmRleDEucG5nIl1d/Index1.png?sha=f88fbb76300f8a32 304
I, [2014-12-09T02:30:21.372164 #17827]  INFO -- : DRAGONFLY: GET /system/images/W1siZiIsIjIwMTQvMTIvMDQvOThpaXdlM25jdF9JbmRleDEucG5nIl1d/Index1.png?sha=f88fbb76300f8a32 304
I, [2014-12-09T02:30:53.618019 #17827]  INFO -- : DRAGONFLY: GET /system/images/W1siZiIsIjIwMTQvMTIvMDQvOThpaXdlM25jdF9JbmRleDEucG5nIl1d/Index1.png?sha=f88fbb76300f8a32 304
I, [2014-12-09T02:31:29.744318 #17827]  INFO -- : DRAGONFLY: GET /system/images/W1siZiIsIjIwMTQvMTIvMDQvOThpaXdlM25jdF9JbmRleDEucG5nIl1d/Index1.png?sha=f88fbb76300f8a32 304
I, [2014-12-09T02:40:38.636963 #17827]  INFO -- : DRAGONFLY: GET /system/images/W1siZiIsIjIwMTQvMTIvMDQvOThpaXdlM25jdF9JbmRleDEucG5nIl1d/Index1.png?sha=f88fbb76300f8a32 304
I, [2014-12-09T02:42:51.263520 #17827]  INFO -- : DRAGONFLY: GET /system/images/W1siZiIsIjIwMTQvMTIvMDQvOThpaXdlM25jdF9JbmRleDEucG5nIl1d/Index1.png?sha=f88fbb76300f8a32 304
I, [2014-12-09T02:43:21.757396 #17827]  INFO -- : DRAGONFLY: GET /system/images/W1siZiIsIjIwMTQvMTIvMDQvOThpaXdlM25jdF9JbmRleDEucG5nIl1d/Index1.png?sha=f88fbb76300f8a32 304
I, [2014-12-09T02:44:33.144617 #17827]  INFO -- : DRAGONFLY: GET /system/images/W1siZiIsIjIwMTQvMTIvMDQvOThpaXdlM25jdF9JbmRleDEucG5nIl1d/Index1.png?sha=f88fbb76300f8a32 304
I, [2014-12-09T02:49:16.510616 #17827]  INFO -- : DRAGONFLY: GET /system/images/W1siZiIsIjIwMTQvMTIvMDQvOThpaXdlM25jdF9JbmRleDEucG5nIl1d/Index1.png?sha=f88fbb76300f8a32 304
I, [2014-12-09T02:51:24.296906 #17827]  INFO -- : DRAGONFLY: GET /system/images/W1siZiIsIjIwMTQvMTIvMDQvOThpaXdlM25jdF9JbmRleDEucG5nIl1d/Index1.png?sha=f88fbb76300f8a32 304
I, [2014-12-09T02:52:49.887546 #17827]  INFO -- : DRAGONFLY: GET /system/images/W1siZiIsIjIwMTQvMTIvMDQvOThpaXdlM25jdF9JbmRleDEucG5nIl1d/Index1.png?sha=f88fbb76300f8a32 304
I, [2014-12-09T02:57:48.885231 #17827]  INFO -- : DRAGONFLY: GET /system/images/W1siZiIsIjIwMTQvMTIvMDQvOThpaXdlM25jdF9JbmRleDEucG5nIl1d/Index1.png?sha=f88fbb76300f8a32 304
I, [2014-12-09T02:58:16.449387 #17827]  INFO -- : DRAGONFLY: GET /system/images/W1siZiIsIjIwMTQvMTIvMDQvOThpaXdlM25jdF9JbmRleDEucG5nIl1d/Index1.png?sha=f88fbb76300f8a32 304
I, [2014-12-09T02:59:03.010481 #17827]  INFO -- : DRAGONFLY: GET /system/images/W1siZiIsIjIwMTQvMTIvMDQvOThpaXdlM25jdF9JbmRleDEucG5nIl1d/Index1.png?sha=f88fbb76300f8a32 304
I, [2014-12-09T03:06:45.976829 #17827]  INFO -- : DRAGONFLY: GET /system/images/W1siZiIsIjIwMTQvMTIvMDQvOThpaXdlM25jdF9JbmRleDEucG5nIl1d/Index1.png?sha=f88fbb76300f8a32 304
I, [2014-12-09T03:07:36.689820 #17827]  INFO -- : DRAGONFLY: GET /system/images/W1siZiIsIjIwMTQvMTIvMDQvOThpaXdlM25jdF9JbmRleDEucG5nIl1d/Index1.png?sha=f88fbb76300f8a32 304
D, [2014-12-09T03:09:14.456878 #17827] DEBUG -- : DRAGONFLY: shell command: 'convert' '/Volumes/WORK/RubyProject/CMS/feral/public/system/refinery/images/2014/12/08/9jod4dqdl5_Studio3.png' '-resize' '135x135^^' '-gravity' 'Center' '-crop' '135x135+0+0' '+repage' '/var/folders/_q/wg5hcxsn585fjv14240m60p40000gn/T/dragonfly20141209-17827-1rd7858.png'
I, [2014-12-09T03:09:15.998868 #17827]  INFO -- : DRAGONFLY: GET /system/images/W1siZiIsIjIwMTQvMTIvMDgvOWpvZDRkcWRsNV9TdHVkaW8zLnBuZyJdLFsicCIsInRodW1iIiwiMTM1eDEzNSNjIl1d/Studio3.png?sha=7b2e2e4c8bbe8a6e 200
D, [2014-12-09T03:09:16.070808 #17827] DEBUG -- : DRAGONFLY: shell command: 'convert' '/Volumes/WORK/RubyProject/CMS/feral/public/system/refinery/images/2014/12/08/6fwdfsdr60_Studio1.png' '-resize' '135x135^^' '-gravity' 'Center' '-crop' '135x135+0+0' '+repage' '/var/folders/_q/wg5hcxsn585fjv14240m60p40000gn/T/dragonfly20141209-17827-1lwmaj5.png'
I, [2014-12-09T03:09:16.179572 #17827]  INFO -- : DRAGONFLY: GET /system/images/W1siZiIsIjIwMTQvMTIvMDgvNmZ3ZGZzZHI2MF9TdHVkaW8xLnBuZyJdLFsicCIsInRodW1iIiwiMTM1eDEzNSNjIl1d/Studio1.png?sha=9d1b61f812e97d0b 200
I, [2014-12-09T03:13:09.159481 #17827]  INFO -- : DRAGONFLY: GET /system/images/W1siZiIsIjIwMTQvMTIvMDQvOThpaXdlM25jdF9JbmRleDEucG5nIl1d/Index1.png?sha=f88fbb76300f8a32 304
I, [2014-12-09T03:14:27.499193 #17827]  INFO -- : DRAGONFLY: GET /system/images/W1siZiIsIjIwMTQvMTIvMDQvOThpaXdlM25jdF9JbmRleDEucG5nIl1d/Index1.png?sha=f88fbb76300f8a32 304
I, [2014-12-09T03:18:56.013642 #17827]  INFO -- : DRAGONFLY: GET /system/images/W1siZiIsIjIwMTQvMTIvMDQvOThpaXdlM25jdF9JbmRleDEucG5nIl1d/Index1.png?sha=f88fbb76300f8a32 304
I, [2014-12-09T03:24:42.639328 #17827]  INFO -- : DRAGONFLY: GET /system/images/W1siZiIsIjIwMTQvMTIvMDQvOThpaXdlM25jdF9JbmRleDEucG5nIl1d/Index1.png?sha=f88fbb76300f8a32 304
D, [2014-12-09T03:30:04.585186 #17827] DEBUG -- : DRAGONFLY: shell command: 'identify' '-ping' '-format' '%m %w %h' '/var/folders/_q/wg5hcxsn585fjv14240m60p40000gn/T/RackMultipart20141209-17827-frqbjo'
D, [2014-12-09T03:30:06.788213 #17827] DEBUG -- : DRAGONFLY: shell command: 'convert' '/Volumes/WORK/RubyProject/CMS/feral/public/system/refinery/images/2014/12/09/u536gmtpm_Index1.png' '-resize' '135x135^^' '-gravity' 'Center' '-crop' '135x135+0+0' '+repage' '/var/folders/_q/wg5hcxsn585fjv14240m60p40000gn/T/dragonfly20141209-17827-eafy3l.png'
I, [2014-12-09T03:30:07.147519 #17827]  INFO -- : DRAGONFLY: GET /system/images/W1siZiIsIjIwMTQvMTIvMDkvdTUzNmdtdHBtX0luZGV4MS5wbmciXSxbInAiLCJ0aHVtYiIsIjEzNXgxMzUjYyJdXQ/Index1.png?sha=ce8569bf56ac5362 200
I, [2014-12-09T03:45:39.118118 #17827]  INFO -- : DRAGONFLY: GET /system/images/W1siZiIsIjIwMTQvMTIvMDgvNmZ3ZGZzZHI2MF9TdHVkaW8xLnBuZyJdXQ/Studio1.png?sha=fa550684bfb14d14 304
I, [2014-12-09T03:45:39.194971 #17827]  INFO -- : DRAGONFLY: GET /system/images/W1siZiIsIjIwMTQvMTIvMDgvOWpvZDRkcWRsNV9TdHVkaW8zLnBuZyJdXQ/Studio3.png?sha=f27948cdc0e932a4 304
I, [2014-12-09T03:46:52.919929 #17827]  INFO -- : DRAGONFLY: GET /system/images/W1siZiIsIjIwMTQvMTIvMDgvOWpvZDRkcWRsNV9TdHVkaW8zLnBuZyJdXQ/Studio3.png?sha=f27948cdc0e932a4 304
I, [2014-12-09T03:46:52.999680 #17827]  INFO -- : DRAGONFLY: GET /system/images/W1siZiIsIjIwMTQvMTIvMDgvNmZ3ZGZzZHI2MF9TdHVkaW8xLnBuZyJdXQ/Studio1.png?sha=fa550684bfb14d14 304
I, [2014-12-09T03:48:41.783673 #17827]  INFO -- : DRAGONFLY: GET /system/images/W1siZiIsIjIwMTQvMTIvMDgvNmZ3ZGZzZHI2MF9TdHVkaW8xLnBuZyJdXQ/Studio1.png?sha=fa550684bfb14d14 304
I, [2014-12-09T03:48:41.834900 #17827]  INFO -- : DRAGONFLY: GET /system/images/W1siZiIsIjIwMTQvMTIvMDgvOWpvZDRkcWRsNV9TdHVkaW8zLnBuZyJdXQ/Studio3.png?sha=f27948cdc0e932a4 304
I, [2014-12-09T03:51:07.337893 #17827]  INFO -- : DRAGONFLY: GET /system/images/W1siZiIsIjIwMTQvMTIvMDgvOWpvZDRkcWRsNV9TdHVkaW8zLnBuZyJdXQ/Studio3.png?sha=f27948cdc0e932a4 304
I, [2014-12-09T03:51:07.383610 #17827]  INFO -- : DRAGONFLY: GET /system/images/W1siZiIsIjIwMTQvMTIvMDgvNmZ3ZGZzZHI2MF9TdHVkaW8xLnBuZyJdXQ/Studio1.png?sha=fa550684bfb14d14 304
I, [2014-12-09T03:57:24.080994 #17827]  INFO -- : DRAGONFLY: GET /system/images/W1siZiIsIjIwMTQvMTIvMDgvNmZ3ZGZzZHI2MF9TdHVkaW8xLnBuZyJdXQ/Studio1.png?sha=fa550684bfb14d14 304
I, [2014-12-09T03:57:24.150082 #17827]  INFO -- : DRAGONFLY: GET /system/images/W1siZiIsIjIwMTQvMTIvMDgvOWpvZDRkcWRsNV9TdHVkaW8zLnBuZyJdXQ/Studio3.png?sha=f27948cdc0e932a4 304
I, [2014-12-09T03:59:44.024408 #17827]  INFO -- : DRAGONFLY: GET /system/images/W1siZiIsIjIwMTQvMTIvMDgvOWpvZDRkcWRsNV9TdHVkaW8zLnBuZyJdXQ/Studio3.png?sha=f27948cdc0e932a4 304
I, [2014-12-09T03:59:44.073724 #17827]  INFO -- : DRAGONFLY: GET /system/images/W1siZiIsIjIwMTQvMTIvMDgvNmZ3ZGZzZHI2MF9TdHVkaW8xLnBuZyJdXQ/Studio1.png?sha=fa550684bfb14d14 304
I, [2014-12-09T04:00:22.907289 #17827]  INFO -- : DRAGONFLY: GET /system/images/W1siZiIsIjIwMTQvMTIvMDgvOWpvZDRkcWRsNV9TdHVkaW8zLnBuZyJdXQ/Studio3.png?sha=f27948cdc0e932a4 304
I, [2014-12-09T04:00:22.991900 #17827]  INFO -- : DRAGONFLY: GET /system/images/W1siZiIsIjIwMTQvMTIvMDgvNmZ3ZGZzZHI2MF9TdHVkaW8xLnBuZyJdXQ/Studio1.png?sha=fa550684bfb14d14 304
I, [2014-12-09T04:00:52.173753 #17827]  INFO -- : DRAGONFLY: GET /system/images/W1siZiIsIjIwMTQvMTIvMDgvNmZ3ZGZzZHI2MF9TdHVkaW8xLnBuZyJdXQ/Studio1.png?sha=fa550684bfb14d14 304
I, [2014-12-09T04:00:52.223533 #17827]  INFO -- : DRAGONFLY: GET /system/images/W1siZiIsIjIwMTQvMTIvMDgvOWpvZDRkcWRsNV9TdHVkaW8zLnBuZyJdXQ/Studio3.png?sha=f27948cdc0e932a4 304
I, [2014-12-09T04:09:18.905000 #17827]  INFO -- : DRAGONFLY: GET /system/images/W1siZiIsIjIwMTQvMTIvMDQvOThpaXdlM25jdF9JbmRleDEucG5nIl1d/Index1.png?sha=f88fbb76300f8a32 304
I, [2014-12-09T04:09:39.138415 #17827]  INFO -- : DRAGONFLY: GET /system/images/W1siZiIsIjIwMTQvMTIvMDQvOThpaXdlM25jdF9JbmRleDEucG5nIl1d/Index1.png?sha=f88fbb76300f8a32 304
I, [2014-12-09T04:09:45.094085 #17827]  INFO -- : DRAGONFLY: GET /system/images/W1siZiIsIjIwMTQvMTIvMDQvOThpaXdlM25jdF9JbmRleDEucG5nIl1d/Index1.png?sha=f88fbb76300f8a32 304
I, [2014-12-09T04:10:15.010981 #17827]  INFO -- : DRAGONFLY: GET /system/images/W1siZiIsIjIwMTQvMTIvMDQvOThpaXdlM25jdF9JbmRleDEucG5nIl1d/Index1.png?sha=f88fbb76300f8a32 304
I, [2014-12-09T04:12:05.100714 #17827]  INFO -- : DRAGONFLY: GET /system/images/W1siZiIsIjIwMTQvMTIvMDQvOThpaXdlM25jdF9JbmRleDEucG5nIl1d/Index1.png?sha=f88fbb76300f8a32 304
I, [2014-12-09T04:30:12.646256 #17827]  INFO -- : DRAGONFLY: GET /system/images/W1siZiIsIjIwMTQvMTIvMDQvOThpaXdlM25jdF9JbmRleDEucG5nIl1d/Index1.png?sha=f88fbb76300f8a32 304
I, [2014-12-09T04:33:18.593781 #17827]  INFO -- : DRAGONFLY: GET /system/images/W1siZiIsIjIwMTQvMTIvMDQvOThpaXdlM25jdF9JbmRleDEucG5nIl1d/Index1.png?sha=f88fbb76300f8a32 304
I, [2014-12-09T04:33:40.650435 #17827]  INFO -- : DRAGONFLY: GET /system/images/W1siZiIsIjIwMTQvMTIvMDQvOThpaXdlM25jdF9JbmRleDEucG5nIl1d/Index1.png?sha=f88fbb76300f8a32 304
I, [2014-12-09T04:37:01.527920 #17827]  INFO -- : DRAGONFLY: GET /system/images/W1siZiIsIjIwMTQvMTIvMDQvOThpaXdlM25jdF9JbmRleDEucG5nIl1d/Index1.png?sha=f88fbb76300f8a32 304
I, [2014-12-09T04:42:18.250562 #17827]  INFO -- : DRAGONFLY: GET /system/images/W1siZiIsIjIwMTQvMTIvMDQvOThpaXdlM25jdF9JbmRleDEucG5nIl1d/Index1.png?sha=f88fbb76300f8a32 304
I, [2014-12-09T04:50:05.946108 #17827]  INFO -- : DRAGONFLY: GET /system/images/W1siZiIsIjIwMTQvMTIvMDgvNmZ3ZGZzZHI2MF9TdHVkaW8xLnBuZyJdXQ/Studio1.png?sha=fa550684bfb14d14 304
I, [2014-12-09T04:50:06.013051 #17827]  INFO -- : DRAGONFLY: GET /system/images/W1siZiIsIjIwMTQvMTIvMDgvOWpvZDRkcWRsNV9TdHVkaW8zLnBuZyJdXQ/Studio3.png?sha=f27948cdc0e932a4 304
I, [2014-12-09T04:51:05.202197 #17827]  INFO -- : DRAGONFLY: GET /system/images/W1siZiIsIjIwMTQvMTIvMDgvOWpvZDRkcWRsNV9TdHVkaW8zLnBuZyJdXQ/Studio3.png?sha=f27948cdc0e932a4 304
I, [2014-12-09T04:51:05.251115 #17827]  INFO -- : DRAGONFLY: GET /system/images/W1siZiIsIjIwMTQvMTIvMDgvNmZ3ZGZzZHI2MF9TdHVkaW8xLnBuZyJdXQ/Studio1.png?sha=fa550684bfb14d14 304
I, [2014-12-09T04:53:26.869188 #17827]  INFO -- : DRAGONFLY: GET /system/images/W1siZiIsIjIwMTQvMTIvMDgvNmZ3ZGZzZHI2MF9TdHVkaW8xLnBuZyJdXQ/Studio1.png?sha=fa550684bfb14d14 304
I, [2014-12-09T04:53:26.928776 #17827]  INFO -- : DRAGONFLY: GET /system/images/W1siZiIsIjIwMTQvMTIvMDgvOWpvZDRkcWRsNV9TdHVkaW8zLnBuZyJdXQ/Studio3.png?sha=f27948cdc0e932a4 304
I, [2014-12-09T04:58:34.981920 #17827]  INFO -- : DRAGONFLY: GET /system/images/W1siZiIsIjIwMTQvMTIvMDgvNmZ3ZGZzZHI2MF9TdHVkaW8xLnBuZyJdXQ/Studio1.png?sha=fa550684bfb14d14 304
I, [2014-12-09T04:58:35.026918 #17827]  INFO -- : DRAGONFLY: GET /system/images/W1siZiIsIjIwMTQvMTIvMDgvOWpvZDRkcWRsNV9TdHVkaW8zLnBuZyJdXQ/Studio3.png?sha=f27948cdc0e932a4 304
I, [2014-12-09T05:00:34.600807 #17827]  INFO -- : DRAGONFLY: GET /system/images/W1siZiIsIjIwMTQvMTIvMDgvNmZ3ZGZzZHI2MF9TdHVkaW8xLnBuZyJdXQ/Studio1.png?sha=fa550684bfb14d14 304
I, [2014-12-09T05:00:34.660480 #17827]  INFO -- : DRAGONFLY: GET /system/images/W1siZiIsIjIwMTQvMTIvMDgvOWpvZDRkcWRsNV9TdHVkaW8zLnBuZyJdXQ/Studio3.png?sha=f27948cdc0e932a4 304
I, [2014-12-09T05:00:41.906292 #17827]  INFO -- : DRAGONFLY: GET /system/images/W1siZiIsIjIwMTQvMTIvMDgvNmZ3ZGZzZHI2MF9TdHVkaW8xLnBuZyJdXQ/Studio1.png?sha=fa550684bfb14d14 304
I, [2014-12-09T05:00:41.989238 #17827]  INFO -- : DRAGONFLY: GET /system/images/W1siZiIsIjIwMTQvMTIvMDgvOWpvZDRkcWRsNV9TdHVkaW8zLnBuZyJdXQ/Studio3.png?sha=f27948cdc0e932a4 304
I, [2014-12-09T05:00:51.297368 #17827]  INFO -- : DRAGONFLY: GET /system/images/W1siZiIsIjIwMTQvMTIvMDgvNmZ3ZGZzZHI2MF9TdHVkaW8xLnBuZyJdXQ/Studio1.png?sha=fa550684bfb14d14 304
I, [2014-12-09T05:00:51.373689 #17827]  INFO -- : DRAGONFLY: GET /system/images/W1siZiIsIjIwMTQvMTIvMDgvOWpvZDRkcWRsNV9TdHVkaW8zLnBuZyJdXQ/Studio3.png?sha=f27948cdc0e932a4 304
I, [2014-12-09T05:04:39.956166 #17827]  INFO -- : DRAGONFLY: GET /system/images/W1siZiIsIjIwMTQvMTIvMDgvNmZ3ZGZzZHI2MF9TdHVkaW8xLnBuZyJdXQ/Studio1.png?sha=fa550684bfb14d14 304
I, [2014-12-09T05:04:40.000951 #17827]  INFO -- : DRAGONFLY: GET /system/images/W1siZiIsIjIwMTQvMTIvMDgvOWpvZDRkcWRsNV9TdHVkaW8zLnBuZyJdXQ/Studio3.png?sha=f27948cdc0e932a4 304
I, [2014-12-09T05:08:34.502603 #17827]  INFO -- : DRAGONFLY: GET /system/images/W1siZiIsIjIwMTQvMTIvMDgvNmZ3ZGZzZHI2MF9TdHVkaW8xLnBuZyJdXQ/Studio1.png?sha=fa550684bfb14d14 304
I, [2014-12-09T05:08:34.549834 #17827]  INFO -- : DRAGONFLY: GET /system/images/W1siZiIsIjIwMTQvMTIvMDgvOWpvZDRkcWRsNV9TdHVkaW8zLnBuZyJdXQ/Studio3.png?sha=f27948cdc0e932a4 304
I, [2014-12-09T05:10:22.952318 #17827]  INFO -- : DRAGONFLY: GET /system/images/W1siZiIsIjIwMTQvMTIvMDgvNmZ3ZGZzZHI2MF9TdHVkaW8xLnBuZyJdXQ/Studio1.png?sha=fa550684bfb14d14 304
I, [2014-12-09T05:10:23.018168 #17827]  INFO -- : DRAGONFLY: GET /system/images/W1siZiIsIjIwMTQvMTIvMDgvOWpvZDRkcWRsNV9TdHVkaW8zLnBuZyJdXQ/Studio3.png?sha=f27948cdc0e932a4 304
I, [2014-12-09T05:12:04.280747 #17827]  INFO -- : DRAGONFLY: GET /system/images/W1siZiIsIjIwMTQvMTIvMDgvNmZ3ZGZzZHI2MF9TdHVkaW8xLnBuZyJdXQ/Studio1.png?sha=fa550684bfb14d14 304
I, [2014-12-09T05:12:04.350678 #17827]  INFO -- : DRAGONFLY: GET /system/images/W1siZiIsIjIwMTQvMTIvMDgvOWpvZDRkcWRsNV9TdHVkaW8zLnBuZyJdXQ/Studio3.png?sha=f27948cdc0e932a4 304
I, [2014-12-09T05:13:16.622973 #17827]  INFO -- : DRAGONFLY: GET /system/images/W1siZiIsIjIwMTQvMTIvMDgvNmZ3ZGZzZHI2MF9TdHVkaW8xLnBuZyJdXQ/Studio1.png?sha=fa550684bfb14d14 304
I, [2014-12-09T05:13:16.703612 #17827]  INFO -- : DRAGONFLY: GET /system/images/W1siZiIsIjIwMTQvMTIvMDgvOWpvZDRkcWRsNV9TdHVkaW8zLnBuZyJdXQ/Studio3.png?sha=f27948cdc0e932a4 304
I, [2014-12-09T05:15:14.548422 #17827]  INFO -- : DRAGONFLY: GET /system/images/W1siZiIsIjIwMTQvMTIvMDgvNmZ3ZGZzZHI2MF9TdHVkaW8xLnBuZyJdXQ/Studio1.png?sha=fa550684bfb14d14 304
I, [2014-12-09T05:15:14.603827 #17827]  INFO -- : DRAGONFLY: GET /system/images/W1siZiIsIjIwMTQvMTIvMDgvOWpvZDRkcWRsNV9TdHVkaW8zLnBuZyJdXQ/Studio3.png?sha=f27948cdc0e932a4 304
I, [2014-12-09T05:22:46.674468 #17827]  INFO -- : DRAGONFLY: GET /system/images/W1siZiIsIjIwMTQvMTIvMDgvNmZ3ZGZzZHI2MF9TdHVkaW8xLnBuZyJdXQ/Studio1.png?sha=fa550684bfb14d14 304
I, [2014-12-09T05:22:46.768595 #17827]  INFO -- : DRAGONFLY: GET /system/images/W1siZiIsIjIwMTQvMTIvMDgvOWpvZDRkcWRsNV9TdHVkaW8zLnBuZyJdXQ/Studio3.png?sha=f27948cdc0e932a4 304
I, [2014-12-09T05:23:01.160233 #17827]  INFO -- : DRAGONFLY: GET /system/images/W1siZiIsIjIwMTQvMTIvMDgvNmZ3ZGZzZHI2MF9TdHVkaW8xLnBuZyJdXQ/Studio1.png?sha=fa550684bfb14d14 304
I, [2014-12-09T05:23:01.190546 #17827]  INFO -- : DRAGONFLY: GET /system/images/W1siZiIsIjIwMTQvMTIvMDgvOWpvZDRkcWRsNV9TdHVkaW8zLnBuZyJdXQ/Studio3.png?sha=f27948cdc0e932a4 304
I, [2014-12-09T05:25:00.989086 #17827]  INFO -- : DRAGONFLY: GET /system/images/W1siZiIsIjIwMTQvMTIvMDgvNmZ3ZGZzZHI2MF9TdHVkaW8xLnBuZyJdXQ/Studio1.png?sha=fa550684bfb14d14 304
I, [2014-12-09T05:25:01.032099 #17827]  INFO -- : DRAGONFLY: GET /system/images/W1siZiIsIjIwMTQvMTIvMDgvOWpvZDRkcWRsNV9TdHVkaW8zLnBuZyJdXQ/Studio3.png?sha=f27948cdc0e932a4 304
I, [2014-12-09T05:28:51.888933 #17827]  INFO -- : DRAGONFLY: GET /system/images/W1siZiIsIjIwMTQvMTIvMDgvNmZ3ZGZzZHI2MF9TdHVkaW8xLnBuZyJdXQ/Studio1.png?sha=fa550684bfb14d14 304
I, [2014-12-09T05:28:51.939300 #17827]  INFO -- : DRAGONFLY: GET /system/images/W1siZiIsIjIwMTQvMTIvMDgvOWpvZDRkcWRsNV9TdHVkaW8zLnBuZyJdXQ/Studio3.png?sha=f27948cdc0e932a4 304
I, [2014-12-09T05:31:23.407245 #17827]  INFO -- : DRAGONFLY: GET /system/images/W1siZiIsIjIwMTQvMTIvMDgvNmZ3ZGZzZHI2MF9TdHVkaW8xLnBuZyJdXQ/Studio1.png?sha=fa550684bfb14d14 304
I, [2014-12-09T05:31:23.455629 #17827]  INFO -- : DRAGONFLY: GET /system/images/W1siZiIsIjIwMTQvMTIvMDgvOWpvZDRkcWRsNV9TdHVkaW8zLnBuZyJdXQ/Studio3.png?sha=f27948cdc0e932a4 304
I, [2014-12-09T05:36:11.794801 #17827]  INFO -- : DRAGONFLY: GET /system/images/W1siZiIsIjIwMTQvMTIvMDgvNmZ3ZGZzZHI2MF9TdHVkaW8xLnBuZyJdXQ/Studio1.png?sha=fa550684bfb14d14 304
I, [2014-12-09T05:36:11.841938 #17827]  INFO -- : DRAGONFLY: GET /system/images/W1siZiIsIjIwMTQvMTIvMDgvOWpvZDRkcWRsNV9TdHVkaW8zLnBuZyJdXQ/Studio3.png?sha=f27948cdc0e932a4 304
I, [2014-12-09T05:37:53.125714 #17827]  INFO -- : DRAGONFLY: GET /system/images/W1siZiIsIjIwMTQvMTIvMDgvNmZ3ZGZzZHI2MF9TdHVkaW8xLnBuZyJdXQ/Studio1.png?sha=fa550684bfb14d14 304
I, [2014-12-09T05:37:53.204367 #17827]  INFO -- : DRAGONFLY: GET /system/images/W1siZiIsIjIwMTQvMTIvMDgvOWpvZDRkcWRsNV9TdHVkaW8zLnBuZyJdXQ/Studio3.png?sha=f27948cdc0e932a4 304
I, [2014-12-09T05:40:55.151950 #17827]  INFO -- : DRAGONFLY: GET /system/images/W1siZiIsIjIwMTQvMTIvMDgvNmZ3ZGZzZHI2MF9TdHVkaW8xLnBuZyJdXQ/Studio1.png?sha=fa550684bfb14d14 304
I, [2014-12-09T05:40:55.202310 #17827]  INFO -- : DRAGONFLY: GET /system/images/W1siZiIsIjIwMTQvMTIvMDgvOWpvZDRkcWRsNV9TdHVkaW8zLnBuZyJdXQ/Studio3.png?sha=f27948cdc0e932a4 304
I, [2014-12-09T05:48:33.626241 #17827]  INFO -- : DRAGONFLY: GET /system/images/W1siZiIsIjIwMTQvMTIvMDQvOThpaXdlM25jdF9JbmRleDEucG5nIl1d/Index1.png?sha=f88fbb76300f8a32 304
I, [2014-12-09T06:09:48.683153 #17827]  INFO -- : DRAGONFLY: GET /system/images/W1siZiIsIjIwMTQvMTIvMDQvOThpaXdlM25jdF9JbmRleDEucG5nIl1d/Index1.png?sha=f88fbb76300f8a32 304
I, [2014-12-09T06:10:34.188694 #17827]  INFO -- : DRAGONFLY: GET /system/images/W1siZiIsIjIwMTQvMTIvMDQvOThpaXdlM25jdF9JbmRleDEucG5nIl1d/Index1.png?sha=f88fbb76300f8a32 304
I, [2014-12-09T06:12:14.456988 #17827]  INFO -- : DRAGONFLY: GET /system/images/W1siZiIsIjIwMTQvMTIvMDQvOThpaXdlM25jdF9JbmRleDEucG5nIl1d/Index1.png?sha=f88fbb76300f8a32 304
I, [2014-12-09T06:14:32.690367 #17827]  INFO -- : DRAGONFLY: GET /system/images/W1siZiIsIjIwMTQvMTIvMDQvOThpaXdlM25jdF9JbmRleDEucG5nIl1d/Index1.png?sha=f88fbb76300f8a32 304
I, [2014-12-09T06:17:38.139282 #17827]  INFO -- : DRAGONFLY: GET /system/images/W1siZiIsIjIwMTQvMTIvMDQvOThpaXdlM25jdF9JbmRleDEucG5nIl1d/Index1.png?sha=f88fbb76300f8a32 304
I, [2014-12-09T06:44:34.851862 #17827]  INFO -- : DRAGONFLY: GET /system/images/W1siZiIsIjIwMTQvMTIvMDgvOWpvZDRkcWRsNV9TdHVkaW8zLnBuZyJdXQ/Studio3.png?sha=f27948cdc0e932a4 304
I, [2014-12-09T06:44:34.977292 #17827]  INFO -- : DRAGONFLY: GET /system/images/W1siZiIsIjIwMTQvMTIvMDgvNmZ3ZGZzZHI2MF9TdHVkaW8xLnBuZyJdXQ/Studio1.png?sha=fa550684bfb14d14 304
I, [2014-12-09T06:48:18.113282 #17827]  INFO -- : DRAGONFLY: GET /system/images/W1siZiIsIjIwMTQvMTIvMDgvOWpvZDRkcWRsNV9TdHVkaW8zLnBuZyJdXQ/Studio3.png?sha=f27948cdc0e932a4 304
I, [2014-12-09T06:48:18.215545 #17827]  INFO -- : DRAGONFLY: GET /system/images/W1siZiIsIjIwMTQvMTIvMDgvNmZ3ZGZzZHI2MF9TdHVkaW8xLnBuZyJdXQ/Studio1.png?sha=fa550684bfb14d14 304
I, [2014-12-09T06:55:17.287820 #17827]  INFO -- : DRAGONFLY: GET /system/images/W1siZiIsIjIwMTQvMTIvMDgvNmZ3ZGZzZHI2MF9TdHVkaW8xLnBuZyJdXQ/Studio1.png?sha=fa550684bfb14d14 304
I, [2014-12-09T06:55:17.338491 #17827]  INFO -- : DRAGONFLY: GET /system/images/W1siZiIsIjIwMTQvMTIvMDgvOWpvZDRkcWRsNV9TdHVkaW8zLnBuZyJdXQ/Studio3.png?sha=f27948cdc0e932a4 304
I, [2014-12-09T06:56:25.616637 #17827]  INFO -- : DRAGONFLY: GET /system/images/W1siZiIsIjIwMTQvMTIvMDgvNmZ3ZGZzZHI2MF9TdHVkaW8xLnBuZyJdXQ/Studio1.png?sha=fa550684bfb14d14 304
I, [2014-12-09T06:56:25.677823 #17827]  INFO -- : DRAGONFLY: GET /system/images/W1siZiIsIjIwMTQvMTIvMDgvOWpvZDRkcWRsNV9TdHVkaW8zLnBuZyJdXQ/Studio3.png?sha=f27948cdc0e932a4 304
I, [2014-12-09T06:56:51.010990 #17827]  INFO -- : DRAGONFLY: GET /system/images/W1siZiIsIjIwMTQvMTIvMDgvOWpvZDRkcWRsNV9TdHVkaW8zLnBuZyJdXQ/Studio3.png?sha=f27948cdc0e932a4 304
I, [2014-12-09T06:56:51.080898 #17827]  INFO -- : DRAGONFLY: GET /system/images/W1siZiIsIjIwMTQvMTIvMDgvNmZ3ZGZzZHI2MF9TdHVkaW8xLnBuZyJdXQ/Studio1.png?sha=fa550684bfb14d14 304
I, [2014-12-09T07:00:50.700145 #17827]  INFO -- : DRAGONFLY: GET /system/images/W1siZiIsIjIwMTQvMTIvMDgvNmZ3ZGZzZHI2MF9TdHVkaW8xLnBuZyJdXQ/Studio1.png?sha=fa550684bfb14d14 304
I, [2014-12-09T07:03:13.669058 #17827]  INFO -- : DRAGONFLY: GET /system/images/W1siZiIsIjIwMTQvMTIvMDgvOWpvZDRkcWRsNV9TdHVkaW8zLnBuZyJdXQ/Studio3.png?sha=f27948cdc0e932a4 304
I, [2014-12-09T07:03:13.739302 #17827]  INFO -- : DRAGONFLY: GET /system/images/W1siZiIsIjIwMTQvMTIvMDgvNmZ3ZGZzZHI2MF9TdHVkaW8xLnBuZyJdXQ/Studio1.png?sha=fa550684bfb14d14 304
I, [2014-12-09T07:33:34.798977 #17827]  INFO -- : DRAGONFLY: GET /system/images/W1siZiIsIjIwMTQvMTIvMDgvNmZ3ZGZzZHI2MF9TdHVkaW8xLnBuZyJdXQ/Studio1.png?sha=fa550684bfb14d14 304
I, [2014-12-09T07:33:34.947330 #17827]  INFO -- : DRAGONFLY: GET /system/images/W1siZiIsIjIwMTQvMTIvMDgvOWpvZDRkcWRsNV9TdHVkaW8zLnBuZyJdXQ/Studio3.png?sha=f27948cdc0e932a4 304
I, [2014-12-09T07:34:12.744076 #17827]  INFO -- : DRAGONFLY: GET /system/images/W1siZiIsIjIwMTQvMTIvMDgvOWpvZDRkcWRsNV9TdHVkaW8zLnBuZyJdXQ/Studio3.png?sha=f27948cdc0e932a4 304
I, [2014-12-09T07:34:12.868146 #17827]  INFO -- : DRAGONFLY: GET /system/images/W1siZiIsIjIwMTQvMTIvMDgvNmZ3ZGZzZHI2MF9TdHVkaW8xLnBuZyJdXQ/Studio1.png?sha=fa550684bfb14d14 304
I, [2014-12-09T07:34:37.126606 #17827]  INFO -- : DRAGONFLY: GET /system/images/W1siZiIsIjIwMTQvMTIvMDgvOWpvZDRkcWRsNV9TdHVkaW8zLnBuZyJdXQ/Studio3.png?sha=f27948cdc0e932a4 304
I, [2014-12-09T07:34:37.199154 #17827]  INFO -- : DRAGONFLY: GET /system/images/W1siZiIsIjIwMTQvMTIvMDgvNmZ3ZGZzZHI2MF9TdHVkaW8xLnBuZyJdXQ/Studio1.png?sha=fa550684bfb14d14 304
I, [2014-12-09T09:06:48.680723 #17827]  INFO -- : DRAGONFLY: GET /system/images/W1siZiIsIjIwMTQvMTIvMDgvOWpvZDRkcWRsNV9TdHVkaW8zLnBuZyJdXQ/Studio3.png?sha=f27948cdc0e932a4 304
I, [2014-12-09T09:07:29.806007 #17827]  INFO -- : DRAGONFLY: GET /system/images/W1siZiIsIjIwMTQvMTIvMDgvOWpvZDRkcWRsNV9TdHVkaW8zLnBuZyJdXQ/Studio3.png?sha=f27948cdc0e932a4 304
I, [2014-12-09T09:11:17.022623 #17827]  INFO -- : DRAGONFLY: GET /system/images/W1siZiIsIjIwMTQvMTIvMDgvOWpvZDRkcWRsNV9TdHVkaW8zLnBuZyJdXQ/Studio3.png?sha=f27948cdc0e932a4 304
I, [2014-12-09T09:12:48.728783 #17827]  INFO -- : DRAGONFLY: GET /system/images/W1siZiIsIjIwMTQvMTIvMDgvOWpvZDRkcWRsNV9TdHVkaW8zLnBuZyJdXQ/Studio3.png?sha=f27948cdc0e932a4 304
I, [2014-12-09T09:12:57.824756 #17827]  INFO -- : DRAGONFLY: GET /system/images/W1siZiIsIjIwMTQvMTIvMDgvOWpvZDRkcWRsNV9TdHVkaW8zLnBuZyJdXQ/Studio3.png?sha=f27948cdc0e932a4 304
I, [2014-12-09T09:13:27.972742 #17827]  INFO -- : DRAGONFLY: GET /system/images/W1siZiIsIjIwMTQvMTIvMDgvOWpvZDRkcWRsNV9TdHVkaW8zLnBuZyJdXQ/Studio3.png?sha=f27948cdc0e932a4 304
I, [2014-12-09T09:15:54.162156 #17827]  INFO -- : DRAGONFLY: GET /system/images/W1siZiIsIjIwMTQvMTIvMDgvOWpvZDRkcWRsNV9TdHVkaW8zLnBuZyJdXQ/Studio3.png?sha=f27948cdc0e932a4 304
I, [2014-12-09T09:25:59.494683 #17827]  INFO -- : DRAGONFLY: GET /system/images/W1siZiIsIjIwMTQvMTIvMDgvOWpvZDRkcWRsNV9TdHVkaW8zLnBuZyJdXQ/Studio3.png?sha=f27948cdc0e932a4 304
I, [2014-12-09T09:40:50.717314 #17827]  INFO -- : DRAGONFLY: GET /system/images/W1siZiIsIjIwMTQvMTIvMDgvOWpvZDRkcWRsNV9TdHVkaW8zLnBuZyJdXQ/Studio3.png?sha=f27948cdc0e932a4 304
I, [2014-12-09T09:41:45.768788 #17827]  INFO -- : DRAGONFLY: GET /system/images/W1siZiIsIjIwMTQvMTIvMDgvOWpvZDRkcWRsNV9TdHVkaW8zLnBuZyJdXQ/Studio3.png?sha=f27948cdc0e932a4 304
I, [2014-12-09T09:50:06.277305 #17827]  INFO -- : DRAGONFLY: GET /system/images/W1siZiIsIjIwMTQvMTIvMDgvOWpvZDRkcWRsNV9TdHVkaW8zLnBuZyJdXQ/Studio3.png?sha=f27948cdc0e932a4 304
